Watching for file changes with StatReloader
Waiting for apps ready_event.
Apps ready_event triggered. Sending autoreload_started signal.
Watching dir D:\BE\env\Lib\site-packages\rest_framework\templates with glob **/*.
Watching dir D:\BE\templates with glob **/*.
Watching dir D:\BE\locale with glob **/*.mo.
Watching dir D:\BE\env\Lib\site-packages\rest_framework\locale with glob **/*.mo.
Watching dir D:\BE\auth_app\locale with glob **/*.mo.
Watching dir D:\BE\env\Lib\site-packages\rest_framework\authtoken\locale with glob **/*.mo.
Watching dir D:\BE\env\Lib\site-packages\corsheaders\locale with glob **/*.mo.
Watching dir D:\BE\env\Lib\site-packages\rest_framework_simplejwt\token_blacklist\locale with glob **/*.mo.
File D:\BE\env\Lib\site-packages\django\db\models\functions\__init__.py first seen with mtime 1717969786.089857
File C:\Users\TIRATH SHARMA\AppData\Local\Programs\Python\Python311\Lib\urllib\error.py first seen with mtime 1686097818.0
File D:\BE\env\Lib\site-packages\django\db\transaction.py first seen with mtime 1717969786.0001738
File C:\Users\TIRATH SHARMA\AppData\Local\Programs\Python\Python311\Lib\email\header.py first seen with mtime 1686097818.0
File D:\BE\env\Lib\site-packages\django\template\loader_tags.py first seen with mtime 1717969786.1943176
File C:\Users\TIRATH SHARMA\AppData\Local\Programs\Python\Python311\Lib\re\_constants.py first seen with mtime 1686097818.0
File D:\BE\env\Lib\site-packages\rest_framework\authentication.py first seen with mtime 1717586632.3942258
File C:\Users\TIRATH SHARMA\AppData\Local\Programs\Python\Python311\Lib\email\_encoded_words.py first seen with mtime 1686097818.0
File C:\Users\TIRATH SHARMA\AppData\Local\Programs\Python\Python311\Lib\_markupbase.py first seen with mtime 1686097818.0
File C:\Users\TIRATH SHARMA\AppData\Local\Programs\Python\Python311\Lib\asyncio\tasks.py first seen with mtime 1686097818.0
File D:\BE\env\Lib\site-packages\rest_framework\utils\formatting.py first seen with mtime 1717586632.549949
File D:\BE\env\Lib\site-packages\django\middleware\csrf.py first seen with mtime 1717969786.1827474
File D:\BE\env\Lib\site-packages\django\core\checks\caches.py first seen with mtime 1717969785.9424014
File C:\Users\TIRATH SHARMA\AppData\Local\Programs\Python\Python311\Lib\encodings\cp1252.py first seen with mtime 1686097818.0
File D:\BE\env\Lib\site-packages\django\utils\functional.py first seen with mtime 1717969786.2454495
File D:\BE\env\Lib\site-packages\django\forms\formsets.py first seen with mtime 1717969786.102231
File C:\Users\TIRATH SHARMA\AppData\Local\Programs\Python\Python311\Lib\copyreg.py first seen with mtime 1686097818.0
File C:\Users\TIRATH SHARMA\AppData\Local\Programs\Python\Python311\Lib\tokenize.py first seen with mtime 1686097818.0
File D:\BE\env\Lib\site-packages\django\urls\resolvers.py first seen with mtime 1717969786.230082
File C:\Users\TIRATH SHARMA\AppData\Local\Programs\Python\Python311\Lib\socket.py first seen with mtime 1686097818.0
File C:\Users\TIRATH SHARMA\AppData\Local\Programs\Python\Python311\Lib\__future__.py first seen with mtime 1686097818.0
File D:\BE\env\Lib\site-packages\django\contrib\admindocs\__init__.py first seen with mtime 1717969783.9514253
File C:\Users\TIRATH SHARMA\AppData\Local\Programs\Python\Python311\Lib\functools.py first seen with mtime 1686097818.0
File D:\BE\env\Lib\site-packages\django\core\checks\__init__.py first seen with mtime 1717969785.9411666
File C:\Users\TIRATH SHARMA\AppData\Local\Programs\Python\Python311\Lib\enum.py first seen with mtime 1686097818.0
File D:\BE\env\Lib\site-packages\rest_framework\utils\representation.py first seen with mtime 1717586632.549949
File D:\BE\env\Lib\site-packages\django\contrib\auth\decorators.py first seen with mtime 1717969784.1595633
File D:\BE\env\Lib\site-packages\django\views\i18n.py first seen with mtime 1717969786.26823
File C:\Users\TIRATH SHARMA\AppData\Local\Programs\Python\Python311\DLLs\_decimal.pyd first seen with mtime 1686097894.0
File C:\Users\TIRATH SHARMA\AppData\Local\Programs\Python\Python311\Lib\queue.py first seen with mtime 1686097818.0
File D:\BE\env\Lib\site-packages\django\contrib\admindocs\views.py first seen with mtime 1717969783.954566
File D:\BE\env\Lib\site-packages\django\contrib\staticfiles\finders.py first seen with mtime 1717969785.918857
File D:\BE\env\Lib\site-packages\asgiref\current_thread_executor.py first seen with mtime 1717586294.8620136
File D:\BE\env\Lib\site-packages\rest_framework_simplejwt\exceptions.py first seen with mtime 1717969691.4833093
File D:\BE\env\Lib\site-packages\django\db\backends\base\validation.py first seen with mtime 1717969786.0106194
File D:\BE\env\Lib\site-packages\corsheaders\defaults.py first seen with mtime 1717590138.511685
File D:\BE\env\Lib\site-packages\corsheaders\conf.py first seen with mtime 1717590138.5096805
File D:\BE\env\Lib\site-packages\django\contrib\admin\templatetags\admin_modify.py first seen with mtime 1717969783.9465504
File D:\BE\env\Lib\site-packages\django\views\generic\list.py first seen with mtime 1717969786.281345
File C:\Users\TIRATH SHARMA\AppData\Local\Programs\Python\Python311\Lib\glob.py first seen with mtime 1686097818.0
File C:\Users\TIRATH SHARMA\AppData\Local\Programs\Python\Python311\Lib\asyncio\transports.py first seen with mtime 1686097818.0
File D:\BE\env\Lib\site-packages\django\test\signals.py first seen with mtime 1717969786.2239962
File C:\Users\TIRATH SHARMA\AppData\Local\Programs\Python\Python311\Lib\statistics.py first seen with mtime 1686097818.0
File C:\Users\TIRATH SHARMA\AppData\Local\Programs\Python\Python311\Lib\unittest\util.py first seen with mtime 1686097818.0
File C:\Users\TIRATH SHARMA\AppData\Local\Programs\Python\Python311\Lib\email\message.py first seen with mtime 1686097818.0
File D:\BE\env\Lib\site-packages\django\core\files\move.py first seen with mtime 1717969785.9478297
File D:\BE\env\Lib\site-packages\django\contrib\admin\filters.py first seen with mtime 1717969783.4306314
File D:\BE\env\Lib\site-packages\rest_framework\schemas\inspectors.py first seen with mtime 1717586632.483909
File D:\BE\env\Lib\site-packages\django\contrib\admin\templatetags\admin_urls.py first seen with mtime 1717969783.9475667
File C:\Users\TIRATH SHARMA\AppData\Local\Programs\Python\Python311\Lib\email\utils.py first seen with mtime 1686097818.0
File D:\BE\env\Lib\site-packages\pkg_resources\_vendor\pyparsing\actions.py first seen with mtime 1717585413.0801833
File D:\BE\env\Lib\site-packages\django\core\serializers\base.py first seen with mtime 1717969785.994352
File D:\BE\env\Lib\site-packages\django\core\files\__init__.py first seen with mtime 1717969785.9478297
File D:\BE\env\Lib\site-packages\django\core\signals.py first seen with mtime 1717969785.9305933
File D:\BE\env\Lib\site-packages\django\db\models\__init__.py first seen with mtime 1717969786.0636313
File C:\Users\TIRATH SHARMA\AppData\Local\Programs\Python\Python311\Lib\subprocess.py first seen with mtime 1686097818.0
File D:\BE\env\Lib\site-packages\rest_framework\utils\html.py first seen with mtime 1717586632.549949
File D:\BE\env\Lib\site-packages\django\template\__init__.py first seen with mtime 1717969786.1865182
File D:\BE\env\Lib\site-packages\django\urls\utils.py first seen with mtime 1717969786.23108
File C:\Users\TIRATH SHARMA\AppData\Local\Programs\Python\Python311\Lib\platform.py first seen with mtime 1686097818.0
File D:\BE\env\Lib\site-packages\django\contrib\staticfiles\apps.py first seen with mtime 1717969785.9177554
File C:\Users\TIRATH SHARMA\AppData\Local\Programs\Python\Python311\Lib\email\mime\message.py first seen with mtime 1686097818.0
File C:\Users\TIRATH SHARMA\AppData\Local\Programs\Python\Python311\Lib\string.py first seen with mtime 1686097818.0
File D:\BE\env\Lib\site-packages\django\utils\cache.py first seen with mtime 1717969786.2360866
File C:\Users\TIRATH SHARMA\AppData\Local\Programs\Python\Python311\Lib\unittest\__init__.py first seen with mtime 1686097818.0
File D:\BE\env\Lib\site-packages\django\core\handlers\__init__.py first seen with mtime 1717969785.9478297
File D:\BE\env\Lib\site-packages\django\core\checks\database.py first seen with mtime 1717969785.9443688
File C:\Users\TIRATH SHARMA\AppData\Local\Programs\Python\Python311\Lib\fnmatch.py first seen with mtime 1686097818.0
File D:\BE\env\Lib\site-packages\sqlparse\filters\__init__.py first seen with mtime 1717586294.1540053
File C:\Users\TIRATH SHARMA\AppData\Local\Programs\Python\Python311\Lib\wsgiref\simple_server.py first seen with mtime 1686097818.0
File D:\BE\env\Lib\site-packages\django\template\library.py first seen with mtime 1717969786.1943176
File D:\BE\env\Lib\site-packages\django\templatetags\static.py first seen with mtime 1717969786.2180007
File C:\Users\TIRATH SHARMA\AppData\Local\Programs\Python\Python311\Lib\zoneinfo\_common.py first seen with mtime 1686097818.0
File D:\BE\env\Lib\site-packages\django\contrib\sessions\backends\base.py first seen with mtime 1717969785.5702407
File D:\BE\env\Lib\site-packages\django\db\models\constants.py first seen with mtime 1717969786.066946
File D:\BE\env\Lib\site-packages\django\utils\_os.py first seen with mtime 1717969786.232079
File D:\BE\env\Lib\site-packages\pkg_resources\_vendor\pyparsing\common.py first seen with mtime 1717585413.0801833
File D:\BE\env\Lib\site-packages\django\contrib\contenttypes\apps.py first seen with mtime 1717969784.3676724
File D:\BE\env\Lib\site-packages\django\forms\forms.py first seen with mtime 1717969786.102231
File D:\BE\env\Lib\site-packages\sqlparse\__init__.py first seen with mtime 1717586294.1463761
File C:\Users\TIRATH SHARMA\AppData\Local\Programs\Python\Python311\DLLs\_overlapped.pyd first seen with mtime 1686097894.0
File D:\BE\env\Lib\site-packages\django\apps\config.py first seen with mtime 1717969783.1077425
File D:\BE\env\Lib\site-packages\django\core\management\__init__.py first seen with mtime 1717969785.9699721
File D:\BE\env\Lib\site-packages\sqlparse\engine\__init__.py first seen with mtime 1717586294.1523464
File D:\BE\env\Lib\site-packages\django\db\backends\ddl_references.py first seen with mtime 1717969786.0001738
File D:\BE\env\Lib\site-packages\django\contrib\auth\validators.py first seen with mtime 1717969784.1677644
File D:\BE\env\Lib\site-packages\rest_framework_simplejwt\token_blacklist\admin.py first seen with mtime 1717969691.526897
File C:\Users\TIRATH SHARMA\AppData\Local\Programs\Python\Python311\Lib\concurrent\futures\__init__.py first seen with mtime 1686097818.0
File D:\BE\env\Lib\site-packages\django\template\backends\base.py first seen with mtime 1717969786.1943176
File C:\Users\TIRATH SHARMA\AppData\Local\Programs\Python\Python311\Lib\typing.py first seen with mtime 1686097818.0
File C:\Users\TIRATH SHARMA\AppData\Local\Programs\Python\Python311\Lib\asyncio\runners.py first seen with mtime 1686097818.0
File D:\BE\env\Lib\site-packages\rest_framework\response.py first seen with mtime 1717586632.405983
File D:\BE\env\Lib\site-packages\rest_framework\schemas\coreapi.py first seen with mtime 1717586632.483909
File D:\BE\env\Lib\site-packages\pkg_resources\_vendor\pyparsing\util.py first seen with mtime 1717585413.0801833
File D:\BE\env\Lib\site-packages\django\core\servers\basehttp.py first seen with mtime 1717969785.994352
File D:\BE\env\Lib\site-packages\django\views\debug.py first seen with mtime 1717969786.267232
File D:\BE\env\Lib\site-packages\rest_framework_simplejwt\__init__.py first seen with mtime 1717969691.4786496
File D:\BE\env\Lib\site-packages\django\contrib\admindocs\utils.py first seen with mtime 1717969783.954566
File D:\BE\env\Lib\site-packages\sqlparse\filters\others.py first seen with mtime 1717586294.1540053
File C:\Users\TIRATH SHARMA\AppData\Local\Programs\Python\Python311\Lib\nturl2path.py first seen with mtime 1686097818.0
File C:\Users\TIRATH SHARMA\AppData\Local\Programs\Python\Python311\Lib\email\encoders.py first seen with mtime 1686097818.0
File C:\Users\TIRATH SHARMA\AppData\Local\Programs\Python\Python311\Lib\heapq.py first seen with mtime 1686097818.0
File D:\BE\env\Lib\site-packages\django\contrib\staticfiles\checks.py first seen with mtime 1717969785.9177554
File D:\BE\env\Lib\site-packages\django\forms\__init__.py first seen with mtime 1717969786.102231
File D:\BE\env\Lib\site-packages\rest_framework_simplejwt\views.py first seen with mtime 1717969691.489915
File D:\BE\env\Lib\site-packages\django\contrib\auth\apps.py first seen with mtime 1717969784.1552987
File C:\Users\TIRATH SHARMA\AppData\Local\Programs\Python\Python311\Lib\asyncio\trsock.py first seen with mtime 1686097818.0
File D:\BE\env\Lib\site-packages\rest_framework\authtoken\models.py first seen with mtime 1717586632.4197886
File D:\BE\env\Lib\site-packages\django\core\checks\messages.py first seen with mtime 1717969785.9443688
File D:\BE\env\Lib\site-packages\rest_framework_simplejwt\serializers.py first seen with mtime 1717969691.486386
File D:\BE\env\Lib\site-packages\django\contrib\__init__.py first seen with mtime 1717969783.417781
File D:\BE\env\Lib\site-packages\rest_framework\utils\serializer_helpers.py first seen with mtime 1717586632.549949
File C:\Users\TIRATH SHARMA\AppData\Local\Programs\Python\Python311\Lib\asyncio\proactor_events.py first seen with mtime 1686097818.0
File D:\BE\env\Lib\site-packages\django\contrib\postgres\__init__.py first seen with mtime 1717969785.2455103
File D:\BE\env\Lib\site-packages\django\contrib\contenttypes\fields.py first seen with mtime 1717969784.369677
File D:\BE\env\Lib\site-packages\django\views\generic\base.py first seen with mtime 1717969786.278232
File C:\Users\TIRATH SHARMA\AppData\Local\Programs\Python\Python311\Lib\xml\__init__.py first seen with mtime 1686097818.0
File D:\BE\env\Lib\site-packages\django\core\paginator.py first seen with mtime 1717969785.929343
File C:\Users\TIRATH SHARMA\AppData\Local\Programs\Python\Python311\Lib\ast.py first seen with mtime 1686097818.0
File D:\BE\auth_app\admin.py first seen with mtime 1718109421.0948808
File C:\Users\TIRATH SHARMA\AppData\Local\Programs\Python\Python311\Lib\asyncio\sslproto.py first seen with mtime 1686097818.0
File D:\BE\env\Lib\site-packages\django\http\response.py first seen with mtime 1717969786.178244
File C:\Users\TIRATH SHARMA\AppData\Local\Programs\Python\Python311\Lib\concurrent\futures\thread.py first seen with mtime 1686097818.0
File D:\BE\env\Lib\site-packages\django\db\models\sql\query.py first seen with mtime 1717969786.0966702
File D:\BE\env\Lib\site-packages\django\utils\text.py first seen with mtime 1717969786.2454495
File D:\BE\env\Lib\site-packages\django\core\files\utils.py first seen with mtime 1717969785.9478297
File D:\BE\env\Lib\site-packages\rest_framework\__init__.py first seen with mtime 1717586632.3901038
File D:\BE\env\Lib\site-packages\django\db\models\utils.py first seen with mtime 1717969786.0798213
File C:\Users\TIRATH SHARMA\AppData\Local\Programs\Python\Python311\DLLs\select.pyd first seen with mtime 1686097894.0
File C:\Users\TIRATH SHARMA\AppData\Local\Programs\Python\Python311\Lib\argparse.py first seen with mtime 1686097818.0
File D:\BE\env\Lib\site-packages\django\db\models\fields\proxy.py first seen with mtime 1717969786.0836298
File D:\BE\env\Lib\site-packages\django\utils\dates.py first seen with mtime 1717969786.2410893
File C:\Users\TIRATH SHARMA\AppData\Local\Programs\Python\Python311\Lib\asyncio\futures.py first seen with mtime 1686097818.0
File D:\BE\env\Lib\site-packages\django\contrib\contenttypes\checks.py first seen with mtime 1717969784.368677
File D:\BE\env\Lib\site-packages\rest_framework\views.py first seen with mtime 1717586632.416517
File C:\Users\TIRATH SHARMA\AppData\Local\Programs\Python\Python311\DLLs\_sqlite3.pyd first seen with mtime 1686097894.0
File D:\BE\env\Lib\site-packages\django\utils\translation\reloader.py first seen with mtime 1717969786.2632284
File D:\BE\env\Lib\site-packages\django\db\backends\__init__.py first seen with mtime 1717969786.0001738
File D:\BE\env\Lib\site-packages\django\contrib\messages\storage\__init__.py first seen with mtime 1717969785.24105
File C:\Users\TIRATH SHARMA\AppData\Local\Programs\Python\Python311\Lib\re\_compiler.py first seen with mtime 1686097818.0
File C:\Users\TIRATH SHARMA\AppData\Local\Programs\Python\Python311\Lib\re\__init__.py first seen with mtime 1686097818.0
File D:\BE\env\Lib\site-packages\rest_framework\templatetags\__init__.py first seen with mtime 1717586632.5420606
File C:\Users\TIRATH SHARMA\AppData\Local\Programs\Python\Python311\Lib\asyncio\exceptions.py first seen with mtime 1686097818.0
File C:\Users\TIRATH SHARMA\AppData\Local\Programs\Python\Python311\DLLs\_ssl.pyd first seen with mtime 1686097894.0
File D:\BE\env\Lib\site-packages\django\contrib\auth\middleware.py first seen with mtime 1717969784.1627555
File C:\Users\TIRATH SHARMA\AppData\Local\Programs\Python\Python311\Lib\email\generator.py first seen with mtime 1686097818.0
File C:\Users\TIRATH SHARMA\AppData\Local\Programs\Python\Python311\Lib\quopri.py first seen with mtime 1686097818.0
File D:\BE\env\Lib\site-packages\rest_framework\utils\__init__.py first seen with mtime 1717586632.5420606
File D:\BE\env\Lib\site-packages\django\utils\timesince.py first seen with mtime 1717969786.2454495
File D:\BE\env\Lib\site-packages\sqlparse\utils.py first seen with mtime 1717586294.1517956
File D:\BE\env\Lib\site-packages\django\contrib\auth\checks.py first seen with mtime 1717969784.1572964
File D:\BE\env\Lib\site-packages\pkg_resources\_vendor\__init__.py first seen with mtime 1717585413.06196
File C:\Users\TIRATH SHARMA\AppData\Local\Programs\Python\Python311\Lib\importlib\resources\_legacy.py first seen with mtime 1686097818.0
File D:\BE\env\Lib\site-packages\django\contrib\staticfiles\management\commands\__init__.py first seen with mtime 1717969785.9223032
File D:\BE\env\Lib\site-packages\asgiref\sync.py first seen with mtime 1717586294.8735747
File C:\Users\TIRATH SHARMA\AppData\Local\Programs\Python\Python311\Lib\http\client.py first seen with mtime 1686097818.0
File D:\BE\env\Lib\site-packages\django\db\models\fields\related_descriptors.py first seen with mtime 1717969786.0863955
File D:\BE\env\Lib\site-packages\rest_framework\utils\humanize_datetime.py first seen with mtime 1717586632.549949
File C:\Users\TIRATH SHARMA\AppData\Local\Programs\Python\Python311\Lib\unittest\suite.py first seen with mtime 1686097818.0
File C:\Users\TIRATH SHARMA\AppData\Local\Programs\Python\Python311\Lib\http\server.py first seen with mtime 1686097818.0
File C:\Users\TIRATH SHARMA\AppData\Local\Programs\Python\Python311\Lib\multiprocessing\context.py first seen with mtime 1686097818.0
File D:\BE\env\Lib\site-packages\django\contrib\auth\tokens.py first seen with mtime 1717969784.166762
File C:\Users\TIRATH SHARMA\AppData\Local\Programs\Python\Python311\Lib\base64.py first seen with mtime 1686097818.0
File C:\Users\TIRATH SHARMA\AppData\Local\Programs\Python\Python311\Lib\http\cookies.py first seen with mtime 1686097818.0
File D:\BE\env\Lib\site-packages\rest_framework_simplejwt\utils.py first seen with mtime 1717969691.4879217
File D:\BE\env\Lib\site-packages\django\contrib\sessions\__init__.py first seen with mtime 1717969785.5660284
File C:\Users\TIRATH SHARMA\AppData\Local\Programs\Python\Python311\Lib\email\policy.py first seen with mtime 1686097818.0
File C:\Users\TIRATH SHARMA\AppData\Local\Programs\Python\Python311\Lib\pkgutil.py first seen with mtime 1686097818.0
File C:\Users\TIRATH SHARMA\AppData\Local\Programs\Python\Python311\Lib\asyncio\mixins.py first seen with mtime 1686097818.0
File C:\Users\TIRATH SHARMA\AppData\Local\Programs\Python\Python311\Lib\html\entities.py first seen with mtime 1686097818.0
File C:\Users\TIRATH SHARMA\AppData\Local\Programs\Python\Python311\Lib\zoneinfo\_tzpath.py first seen with mtime 1686097818.0
File D:\BE\env\Lib\site-packages\django\core\checks\urls.py first seen with mtime 1717969785.9478297
File C:\Users\TIRATH SHARMA\AppData\Local\Programs\Python\Python311\Lib\contextvars.py first seen with mtime 1686097818.0
File D:\BE\env\Lib\site-packages\django\db\backends\base\creation.py first seen with mtime 1717969786.0001738
File D:\BE\env\Lib\site-packages\django\contrib\contenttypes\models.py first seen with mtime 1717969784.3716698
File D:\BE\env\Lib\site-packages\django\forms\utils.py first seen with mtime 1717969786.1092427
File C:\Users\TIRATH SHARMA\AppData\Local\Programs\Python\Python311\DLLs\_zoneinfo.pyd first seen with mtime 1686097896.0
File C:\Users\TIRATH SHARMA\AppData\Local\Programs\Python\Python311\Lib\locale.py first seen with mtime 1686097818.0
File D:\BE\env\Lib\site-packages\django\contrib\contenttypes\management\__init__.py first seen with mtime 1717969784.5382602
File C:\Users\TIRATH SHARMA\AppData\Local\Programs\Python\Python311\Lib\linecache.py first seen with mtime 1686097818.0
File D:\BE\env\Lib\site-packages\django\contrib\admin\exceptions.py first seen with mtime 1717969783.4287663
File D:\BE\env\Lib\site-packages\rest_framework\viewsets.py first seen with mtime 1717586632.416517
File C:\Users\TIRATH SHARMA\AppData\Local\Programs\Python\Python311\Lib\reprlib.py first seen with mtime 1686097818.0
File D:\BE\be\settings.py first seen with mtime 1718133966.4080236
File D:\BE\env\Lib\site-packages\django\contrib\auth\signals.py first seen with mtime 1717969784.1657643
File D:\BE\env\Lib\site-packages\django\utils\numberformat.py first seen with mtime 1717969786.2454495
File C:\Users\TIRATH SHARMA\AppData\Local\Programs\Python\Python311\Lib\asyncio\base_tasks.py first seen with mtime 1686097818.0
File D:\BE\env\Lib\site-packages\django\template\defaulttags.py first seen with mtime 1717969786.1920033
File C:\Users\TIRATH SHARMA\AppData\Local\Programs\Python\Python311\Lib\xml\dom\minicompat.py first seen with mtime 1686097818.0
File C:\Users\TIRATH SHARMA\AppData\Local\Programs\Python\Python311\Lib\pickle.py first seen with mtime 1686097818.0
File D:\BE\env\Lib\site-packages\django\core\checks\templates.py first seen with mtime 1717969785.9478297
File D:\BE\env\Lib\site-packages\django\core\handlers\exception.py first seen with mtime 1717969785.9596107
File D:\BE\env\Lib\site-packages\django\utils\version.py first seen with mtime 1717969786.261086
File D:\BE\env\Lib\site-packages\django\contrib\auth\models.py first seen with mtime 1717969784.1647642
File D:\BE\env\Lib\site-packages\django\core\checks\registry.py first seen with mtime 1717969785.9478297
File D:\BE\env\Lib\site-packages\rest_framework_simplejwt\settings.py first seen with mtime 1717969691.4879217
File D:\BE\env\Lib\site-packages\rest_framework\utils\timezone.py first seen with mtime 1717586632.5536964
File D:\BE\env\Lib\site-packages\django\core\checks\model_checks.py first seen with mtime 1717969785.9478297
File C:\Users\TIRATH SHARMA\AppData\Local\Programs\Python\Python311\Lib\asyncio\__init__.py first seen with mtime 1686097818.0
File C:\Users\TIRATH SHARMA\AppData\Local\Programs\Python\Python311\Lib\email\headerregistry.py first seen with mtime 1686097818.0
File D:\BE\env\Lib\site-packages\rest_framework\utils\mediatypes.py first seen with mtime 1717586632.549949
File C:\Users\TIRATH SHARMA\AppData\Local\Programs\Python\Python311\Lib\_weakrefset.py first seen with mtime 1686097818.0
File D:\BE\env\Lib\site-packages\django\db\backends\base\base.py first seen with mtime 1717969786.0001738
File D:\BE\env\Lib\site-packages\django\middleware\common.py first seen with mtime 1717969786.1816237
File D:\BE\env\Lib\site-packages\django\db\backends\utils.py first seen with mtime 1717969786.0001738
File D:\BE\env\Lib\site-packages\django\test\testcases.py first seen with mtime 1717969786.2249973
File C:\Users\TIRATH SHARMA\AppData\Local\Programs\Python\Python311\Lib\concurrent\futures\_base.py first seen with mtime 1686097818.0
File D:\BE\env\Lib\site-packages\django\core\handlers\wsgi.py first seen with mtime 1717969785.9614887
File D:\BE\env\Lib\site-packages\django\utils\encoding.py first seen with mtime 1717969786.2450812
File C:\Users\TIRATH SHARMA\AppData\Local\Programs\Python\Python311\Lib\plistlib.py first seen with mtime 1686097818.0
File D:\BE\env\Lib\site-packages\rest_framework\authtoken\apps.py first seen with mtime 1717586632.4197886
File D:\BE\env\Lib\site-packages\django\db\models\sql\datastructures.py first seen with mtime 1717969786.0966702
File D:\BE\env\Lib\site-packages\django\core\checks\async_checks.py first seen with mtime 1717969785.9424014
File C:\Users\TIRATH SHARMA\AppData\Local\Programs\Python\Python311\Lib\pathlib.py first seen with mtime 1686097818.0
File C:\Users\TIRATH SHARMA\AppData\Local\Programs\Python\Python311\Lib\sqlite3\__init__.py first seen with mtime 1686097818.0
File C:\Users\TIRATH SHARMA\AppData\Local\Programs\Python\Python311\Lib\warnings.py first seen with mtime 1686097818.0
File D:\BE\env\Lib\site-packages\django\utils\deconstruct.py first seen with mtime 1717969786.242085
File D:\BE\env\Lib\site-packages\django\utils\log.py first seen with mtime 1717969786.2454495
File D:\BE\env\Lib\site-packages\rest_framework\validators.py first seen with mtime 1717586632.416517
File D:\BE\env\Lib\site-packages\django\contrib\admin\options.py first seen with mtime 1717969783.4306314
File C:\Users\TIRATH SHARMA\AppData\Local\Programs\Python\Python311\Lib\asyncio\staggered.py first seen with mtime 1686097818.0
File C:\Users\TIRATH SHARMA\AppData\Local\Programs\Python\Python311\Lib\email\mime\text.py first seen with mtime 1686097818.0
File D:\BE\env\Lib\site-packages\sqlparse\exceptions.py first seen with mtime 1717586294.1480124
File C:\Users\TIRATH SHARMA\AppData\Local\Programs\Python\Python311\Lib\asyncio\constants.py first seen with mtime 1686097818.0
File D:\BE\env\Lib\site-packages\django\utils\safestring.py first seen with mtime 1717969786.2454495
File D:\BE\env\Lib\site-packages\django\db\models\fields\files.py first seen with mtime 1717969786.081326
File D:\BE\env\Lib\site-packages\django\templatetags\l10n.py first seen with mtime 1717969786.216999
File D:\BE\env\Lib\site-packages\django\utils\crypto.py first seen with mtime 1717969786.2380817
File D:\BE\env\Lib\site-packages\django\db\models\fields\json.py first seen with mtime 1717969786.082623
File D:\BE\env\Lib\site-packages\django\core\cache\backends\__init__.py first seen with mtime 1717969785.934888
File D:\BE\env\Lib\site-packages\django\template\autoreload.py first seen with mtime 1717969786.1879952
File C:\Users\TIRATH SHARMA\AppData\Local\Programs\Python\Python311\Lib\asyncio\streams.py first seen with mtime 1686097818.0
File C:\Users\TIRATH SHARMA\AppData\Local\Programs\Python\Python311\Lib\re\_casefix.py first seen with mtime 1686097818.0
File D:\BE\env\Lib\site-packages\django\template\smartif.py first seen with mtime 1717969786.1943176
File C:\Users\TIRATH SHARMA\AppData\Local\Programs\Python\Python311\DLLs\_ctypes.pyd first seen with mtime 1686097896.0
File C:\Users\TIRATH SHARMA\AppData\Local\Programs\Python\Python311\Lib\json\scanner.py first seen with mtime 1686097818.0
File D:\BE\env\Lib\site-packages\django\template\backends\__init__.py first seen with mtime 1717969786.1943176
File D:\BE\env\Lib\site-packages\sqlparse\filters\tokens.py first seen with mtime 1717586294.1581066
File D:\BE\env\Lib\site-packages\pkg_resources\_vendor\jaraco\text\__init__.py first seen with mtime 1717585413.0624752
File D:\BE\env\Lib\site-packages\rest_framework\compat.py first seen with mtime 1717586632.3942258
File C:\Users\TIRATH SHARMA\AppData\Local\Programs\Python\Python311\Lib\decimal.py first seen with mtime 1686097818.0
File D:\BE\env\Lib\site-packages\django\db\models\options.py first seen with mtime 1717969786.0749476
File C:\Users\TIRATH SHARMA\AppData\Local\Programs\Python\Python311\Lib\importlib\resources\_adapters.py first seen with mtime 1686097818.0
File D:\BE\env\Lib\site-packages\django\middleware\__init__.py first seen with mtime 1717969786.1796124
File D:\BE\env\Lib\site-packages\django\contrib\admin\__init__.py first seen with mtime 1717969783.417781
File D:\BE\env\Lib\site-packages\rest_framework_simplejwt\token_blacklist\__init__.py first seen with mtime 1717969691.526897
File D:\BE\env\Lib\site-packages\django\db\backends\base\introspection.py first seen with mtime 1717969786.0001738
File D:\BE\env\Lib\site-packages\rest_framework\templatetags\rest_framework.py first seen with mtime 1717586632.5420606
File D:\BE\env\Lib\site-packages\django\contrib\sites\shortcuts.py first seen with mtime 1717969785.7443275
File D:\BE\env\Lib\site-packages\sqlparse\engine\statement_splitter.py first seen with mtime 1717586294.1540053
File C:\Users\TIRATH SHARMA\AppData\Local\Programs\Python\Python311\Lib\socketserver.py first seen with mtime 1686097818.0
File D:\BE\env\Lib\site-packages\django\contrib\staticfiles\management\commands\runserver.py first seen with mtime 1717969785.9243066
File D:\BE\env\Lib\site-packages\pkg_resources\_vendor\pyparsing\results.py first seen with mtime 1717585413.0801833
File D:\BE\env\Lib\site-packages\django\db\models\functions\text.py first seen with mtime 1717969786.0933676
File C:\Users\TIRATH SHARMA\AppData\Local\Programs\Python\Python311\Lib\importlib\resources\__init__.py first seen with mtime 1686097818.0
File D:\BE\env\Lib\site-packages\django\utils\dateformat.py first seen with mtime 1717969786.2390795
File D:\BE\env\Lib\site-packages\django\core\handlers\asgi.py first seen with mtime 1717969785.9596107
File D:\BE\env\Lib\site-packages\django\utils\asyncio.py first seen with mtime 1717969786.2340803
File C:\Users\TIRATH SHARMA\AppData\Local\Programs\Python\Python311\Lib\asyncio\base_futures.py first seen with mtime 1686097818.0
File C:\Users\TIRATH SHARMA\AppData\Local\Programs\Python\Python311\Lib\dataclasses.py first seen with mtime 1686097818.0
File D:\BE\env\Lib\site-packages\django\db\models\signals.py first seen with mtime 1717969786.078489
File D:\BE\env\Lib\site-packages\django\db\backends\sqlite3\creation.py first seen with mtime 1717969786.0416174
File C:\Users\TIRATH SHARMA\AppData\Local\Programs\Python\Python311\Lib\logging\handlers.py first seen with mtime 1686097818.0
File D:\BE\env\Lib\site-packages\django\contrib\admin\templatetags\admin_list.py first seen with mtime 1717969783.945227
File D:\BE\env\Lib\site-packages\django\utils\tree.py first seen with mtime 1717969786.261086
File D:\BE\env\Lib\site-packages\pkg_resources\_vendor\pyparsing\exceptions.py first seen with mtime 1717585413.0801833
File C:\Users\TIRATH SHARMA\AppData\Local\Programs\Python\Python311\Lib\shutil.py first seen with mtime 1686097818.0
File D:\BE\env\Lib\site-packages\sqlparse\tokens.py first seen with mtime 1717586294.1512532
File D:\BE\env\Lib\site-packages\django\forms\fields.py first seen with mtime 1717969786.102231
File D:\BE\env\Lib\site-packages\django\db\migrations\state.py first seen with mtime 1717969786.051983
File C:\Users\TIRATH SHARMA\AppData\Local\Programs\Python\Python311\Lib\unittest\signals.py first seen with mtime 1686097818.0
File C:\Users\TIRATH SHARMA\AppData\Local\Programs\Python\Python311\Lib\json\decoder.py first seen with mtime 1686097818.0
File D:\BE\env\Lib\site-packages\django\templatetags\i18n.py first seen with mtime 1717969786.2159972
File D:\BE\env\Lib\site-packages\django\db\backends\sqlite3\_functions.py first seen with mtime 1717969786.0390954
File D:\BE\env\Lib\site-packages\django\views\generic\__init__.py first seen with mtime 1717969786.277241
File C:\Users\TIRATH SHARMA\AppData\Local\Programs\Python\Python311\Lib\asyncio\threads.py first seen with mtime 1686097818.0
File D:\BE\env\Lib\site-packages\django\db\backends\base\operations.py first seen with mtime 1717969786.0095453
File D:\BE\env\Lib\site-packages\pkg_resources\_vendor\packaging\markers.py first seen with mtime 1717585413.0734916
File D:\BE\env\Lib\site-packages\django\utils\autoreload.py first seen with mtime 1717969786.2340803
File D:\BE\env\Lib\site-packages\django\db\migrations\operations\base.py first seen with mtime 1717969786.051983
File C:\Users\TIRATH SHARMA\AppData\Local\Programs\Python\Python311\Lib\multiprocessing\process.py first seen with mtime 1686097818.0
File D:\BE\env\Lib\site-packages\rest_framework\exceptions.py first seen with mtime 1717586632.3972096
File D:\BE\auth_app\__init__.py first seen with mtime 1717587282.9996278
File D:\BE\env\Lib\site-packages\corsheaders\middleware.py first seen with mtime 1717590138.511685
File D:\BE\env\Lib\site-packages\django\db\models\constraints.py first seen with mtime 1717969786.0679462
File D:\BE\env\Lib\site-packages\rest_framework_simplejwt\tokens.py first seen with mtime 1717969691.4879217
File D:\BE\env\Lib\site-packages\django\urls\converters.py first seen with mtime 1717969786.2287047
File D:\BE\auth_app\models.py first seen with mtime 1718132768.3229563
File D:\BE\env\Lib\site-packages\django\contrib\sites\__init__.py first seen with mtime 1717969785.7443275
File D:\BE\env\Lib\site-packages\django\template\loaders\base.py first seen with mtime 1717969786.1943176
File D:\BE\env\Lib\site-packages\django\utils\topological_sort.py first seen with mtime 1717969786.2454495
File D:\BE\env\Lib\site-packages\pkg_resources\_vendor\packaging\_structures.py first seen with mtime 1717585413.0734916
File D:\BE\env\Lib\site-packages\django\db\backends\base\schema.py first seen with mtime 1717969786.0106194
File C:\Users\TIRATH SHARMA\AppData\Local\Programs\Python\Python311\Lib\unittest\case.py first seen with mtime 1686097818.0
File D:\BE\env\Lib\site-packages\django\contrib\admin\decorators.py first seen with mtime 1717969783.4287663
File C:\Users\TIRATH SHARMA\AppData\Local\Programs\Python\Python311\Lib\email\mime\nonmultipart.py first seen with mtime 1686097818.0
File D:\BE\env\Lib\site-packages\django\db\backends\sqlite3\base.py first seen with mtime 1717969786.0404215
File C:\Users\TIRATH SHARMA\AppData\Local\Programs\Python\Python311\Lib\email\mime\base.py first seen with mtime 1686097818.0
File D:\BE\env\Lib\site-packages\django\contrib\auth\backends.py first seen with mtime 1717969784.1562972
File D:\BE\env\Lib\site-packages\rest_framework\reverse.py first seen with mtime 1717586632.407179
File D:\BE\env\Lib\site-packages\rest_framework\utils\urls.py first seen with mtime 1717586632.5536964
File D:\BE\env\Lib\site-packages\rest_framework\mixins.py first seen with mtime 1717586632.4009645
File C:\Users\TIRATH SHARMA\AppData\Local\Programs\Python\Python311\Lib\importlib\resources\abc.py first seen with mtime 1686097818.0
File D:\BE\env\Lib\site-packages\django\views\generic\dates.py first seen with mtime 1717969786.2792966
File C:\Users\TIRATH SHARMA\AppData\Local\Programs\Python\Python311\Lib\urllib\response.py first seen with mtime 1686097818.0
File C:\Users\TIRATH SHARMA\AppData\Local\Programs\Python\Python311\Lib\numbers.py first seen with mtime 1686097818.0
File D:\BE\env\Lib\site-packages\rest_framework\urlpatterns.py first seen with mtime 1717586632.413055
File D:\BE\env\Lib\site-packages\django\utils\ipv6.py first seen with mtime 1717969786.2454495
File C:\Users\TIRATH SHARMA\AppData\Local\Programs\Python\Python311\Lib\xml\dom\__init__.py first seen with mtime 1686097818.0
File D:\BE\env\Lib\site-packages\django\core\management\commands\runserver.py first seen with mtime 1717969785.9844463
File D:\BE\env\Lib\site-packages\django\http\multipartparser.py first seen with mtime 1717969786.1766222
File D:\BE\env\Lib\site-packages\django\shortcuts.py first seen with mtime 1717969783.1077425
File C:\Users\TIRATH SHARMA\AppData\Local\Programs\Python\Python311\Lib\ssl.py first seen with mtime 1686097818.0
File C:\Users\TIRATH SHARMA\AppData\Local\Programs\Python\Python311\Lib\sqlite3\dbapi2.py first seen with mtime 1686097818.0
File D:\BE\env\Lib\site-packages\django\db\models\fields\related.py first seen with mtime 1717969786.084949
File D:\BE\env\Lib\site-packages\django\contrib\admin\utils.py first seen with mtime 1717969783.4338765
File D:\BE\env\Lib\site-packages\pkg_resources\_vendor\more_itertools\recipes.py first seen with mtime 1717585413.0729735
File D:\BE\env\Lib\site-packages\django\contrib\sessions\exceptions.py first seen with mtime 1717969785.567223
File D:\BE\env\Lib\site-packages\django\template\loader.py first seen with mtime 1717969786.1943176
File D:\BE\env\Lib\site-packages\django\forms\models.py first seen with mtime 1717969786.102231
File D:\BE\env\Lib\site-packages\corsheaders\__init__.py first seen with mtime 1717590138.5058699
File C:\Users\TIRATH SHARMA\AppData\Local\Programs\Python\Python311\Lib\email\feedparser.py first seen with mtime 1686097818.0
File D:\BE\env\Lib\site-packages\django\core\checks\compatibility\__init__.py first seen with mtime 1717969785.9478297
File D:\BE\env\Lib\site-packages\sqlparse\engine\grouping.py first seen with mtime 1717586294.1534414
File D:\BE\env\Lib\site-packages\django\core\servers\__init__.py first seen with mtime 1717969785.994352
File C:\Users\TIRATH SHARMA\AppData\Local\Programs\Python\Python311\Lib\ctypes\__init__.py first seen with mtime 1686097818.0
File D:\BE\env\Lib\site-packages\django\core\files\uploadhandler.py first seen with mtime 1717969785.9478297
File C:\Users\TIRATH SHARMA\AppData\Local\Programs\Python\Python311\Lib\unittest\loader.py first seen with mtime 1686097818.0
File D:\BE\env\Lib\site-packages\rest_framework\generics.py first seen with mtime 1717586632.399057
File D:\BE\env\Lib\site-packages\django\db\backends\base\client.py first seen with mtime 1717969786.0001738
File D:\BE\env\Lib\site-packages\django\db\backends\sqlite3\introspection.py first seen with mtime 1717969786.0429313
File D:\BE\env\Lib\site-packages\rest_framework\schemas\__init__.py first seen with mtime 1717586632.483909
File D:\BE\env\Lib\site-packages\django\http\cookie.py first seen with mtime 1717969786.1756146
File C:\Users\TIRATH SHARMA\AppData\Local\Programs\Python\Python311\Lib\selectors.py first seen with mtime 1686097818.0
File C:\Users\TIRATH SHARMA\AppData\Local\Programs\Python\Python311\Lib\struct.py first seen with mtime 1686097818.0
File D:\BE\env\Lib\site-packages\django\db\models\fields\reverse_related.py first seen with mtime 1717969786.0888584
File C:\Users\TIRATH SHARMA\AppData\Local\Programs\Python\Python311\Lib\textwrap.py first seen with mtime 1686097818.0
File D:\BE\env\Lib\site-packages\pkg_resources\_vendor\pyparsing\testing.py first seen with mtime 1717585413.0801833
File D:\BE\env\Lib\site-packages\rest_framework\request.py first seen with mtime 1717586632.4022117
File D:\BE\env\Lib\site-packages\django\contrib\sessions\middleware.py first seen with mtime 1717969785.5682313
File C:\Users\TIRATH SHARMA\AppData\Local\Programs\Python\Python311\Lib\types.py first seen with mtime 1686097818.0
File D:\BE\env\Lib\site-packages\django\utils\connection.py first seen with mtime 1717969786.2370827
File C:\Users\TIRATH SHARMA\AppData\Local\Programs\Python\Python311\Lib\json\encoder.py first seen with mtime 1686097818.0
File D:\BE\env\Lib\site-packages\rest_framework\schemas\views.py first seen with mtime 1717586632.4859166
File D:\BE\env\Lib\site-packages\sqlparse\filters\aligned_indent.py first seen with mtime 1717586294.1540053
File C:\Users\TIRATH SHARMA\AppData\Local\Programs\Python\Python311\Lib\hashlib.py first seen with mtime 1686097818.0
File C:\Users\TIRATH SHARMA\AppData\Local\Programs\Python\Python311\Lib\threading.py first seen with mtime 1686097818.0
File D:\BE\env\Lib\site-packages\django\views\__init__.py first seen with mtime 1717969786.2662299
File C:\Users\TIRATH SHARMA\AppData\Local\Programs\Python\Python311\Lib\urllib\__init__.py first seen with mtime 1686097818.0
File C:\Users\TIRATH SHARMA\AppData\Local\Programs\Python\Python311\Lib\urllib\request.py first seen with mtime 1686097818.0
File C:\Users\TIRATH SHARMA\AppData\Local\Programs\Python\Python311\Lib\asyncio\subprocess.py first seen with mtime 1686097818.0
File D:\BE\env\Lib\site-packages\django\contrib\admin\templatetags\log.py first seen with mtime 1717969783.9485657
File D:\BE\env\Lib\site-packages\django\db\backends\signals.py first seen with mtime 1717969786.0001738
File D:\BE\env\Lib\site-packages\rest_framework\negotiation.py first seen with mtime 1717586632.4009645
File D:\BE\env\Lib\site-packages\rest_framework\schemas\generators.py first seen with mtime 1717586632.483909
File D:\BE\env\Lib\site-packages\django\dispatch\__init__.py first seen with mtime 1717969786.0966702
File D:\BE\env\Lib\site-packages\rest_framework\serializers.py first seen with mtime 1717586632.4103353
File C:\Users\TIRATH SHARMA\AppData\Local\Programs\Python\Python311\Lib\weakref.py first seen with mtime 1686097818.0
File C:\Users\TIRATH SHARMA\AppData\Local\Programs\Python\Python311\Lib\copy.py first seen with mtime 1686097818.0
File D:\BE\env\Lib\site-packages\django\db\models\expressions.py first seen with mtime 1717969786.0709455
File D:\BE\env\Lib\site-packages\django\contrib\sessions\base_session.py first seen with mtime 1717969785.567223
File D:\BE\env\Lib\site-packages\django\db\backends\sqlite3\operations.py first seen with mtime 1717969786.0443819
File D:\BE\env\Lib\site-packages\django\__init__.py first seen with mtime 1717969783.1033463
File C:\Users\TIRATH SHARMA\AppData\Local\Programs\Python\Python311\Lib\importlib\_abc.py first seen with mtime 1686097818.0
File D:\BE\env\Lib\site-packages\django\contrib\staticfiles\management\__init__.py first seen with mtime 1717969785.9223032
File D:\BE\env\Lib\site-packages\django\contrib\messages\__init__.py first seen with mtime 1717969785.236568
File C:\Users\TIRATH SHARMA\AppData\Local\Programs\Python\Python311\Lib\importlib\__init__.py first seen with mtime 1686097818.0
File D:\BE\env\Lib\site-packages\django\template\backends\django.py first seen with mtime 1717969786.1943176
File D:\BE\env\Lib\site-packages\django\template\base.py first seen with mtime 1717969786.1890047
File C:\Users\TIRATH SHARMA\AppData\Local\Programs\Python\Python311\Lib\email\iterators.py first seen with mtime 1686097818.0
File D:\BE\env\Lib\site-packages\django\db\backends\base\__init__.py first seen with mtime 1717969786.0001738
File D:\BE\env\Lib\site-packages\django\db\models\query.py first seen with mtime 1717969786.0769465
File D:\BE\env\Lib\site-packages\django\urls\conf.py first seen with mtime 1717969786.227997
File D:\BE\env\Lib\site-packages\sqlparse\filters\right_margin.py first seen with mtime 1717586294.1540053
File C:\Users\TIRATH SHARMA\AppData\Local\Programs\Python\Python311\Lib\html\parser.py first seen with mtime 1686097818.0
File D:\BE\env\Lib\site-packages\django\http\__init__.py first seen with mtime 1717969786.1741705
File C:\Users\TIRATH SHARMA\AppData\Local\Programs\Python\Python311\Lib\multiprocessing\reduction.py first seen with mtime 1686097818.0
File D:\BE\env\Lib\site-packages\django\http\request.py first seen with mtime 1717969786.1778324
File D:\BE\env\Lib\site-packages\rest_framework_simplejwt\token_blacklist\apps.py first seen with mtime 1717969691.526897
File C:\Users\TIRATH SHARMA\AppData\Local\Programs\Python\Python311\Lib\sysconfig.py first seen with mtime 1686097818.0
File C:\Users\TIRATH SHARMA\AppData\Local\Programs\Python\Python311\Lib\uuid.py first seen with mtime 1686097818.0
File D:\BE\env\Lib\site-packages\django\contrib\admin\apps.py first seen with mtime 1717969783.417781
File C:\Users\TIRATH SHARMA\AppData\Local\Programs\Python\Python311\DLLs\_hashlib.pyd first seen with mtime 1686097894.0
File D:\BE\env\Lib\site-packages\django\views\decorators\debug.py first seen with mtime 1717969786.2732377
File D:\BE\env\Lib\site-packages\django\db\backends\sqlite3\schema.py first seen with mtime 1717969786.0453975
File C:\Users\TIRATH SHARMA\AppData\Local\Programs\Python\Python311\Lib\logging\__init__.py first seen with mtime 1686097818.0
File C:\Users\TIRATH SHARMA\AppData\Local\Programs\Python\Python311\Lib\encodings\utf_8.py first seen with mtime 1686097818.0
File C:\Users\TIRATH SHARMA\AppData\Local\Programs\Python\Python311\Lib\gettext.py first seen with mtime 1686097818.0
File D:\BE\env\Lib\site-packages\django\core\checks\security\csrf.py first seen with mtime 1717969785.9478297
File C:\Users\TIRATH SHARMA\AppData\Local\Programs\Python\Python311\Lib\email\quoprimime.py first seen with mtime 1686097818.0
File D:\BE\env\Lib\site-packages\rest_framework\relations.py first seen with mtime 1717586632.4022117
File D:\BE\env\Lib\site-packages\rest_framework\utils\breadcrumbs.py first seen with mtime 1717586632.548308
File D:\BE\env\Lib\site-packages\django\db\models\deletion.py first seen with mtime 1717969786.0689456
File C:\Users\TIRATH SHARMA\AppData\Local\Programs\Python\Python311\Lib\operator.py first seen with mtime 1686097818.0
File C:\Users\TIRATH SHARMA\AppData\Local\Programs\Python\Python311\Lib\zoneinfo\__init__.py first seen with mtime 1686097818.0
File D:\BE\env\Lib\site-packages\django\core\mail\__init__.py first seen with mtime 1717969785.9626193
File C:\Users\TIRATH SHARMA\AppData\Local\Programs\Python\Python311\Lib\calendar.py first seen with mtime 1686097818.0
File C:\Users\TIRATH SHARMA\AppData\Local\Programs\Python\Python311\DLLs\_asyncio.pyd first seen with mtime 1686097918.0
File D:\BE\env\Lib\site-packages\django\contrib\admin\views\__init__.py first seen with mtime 1717969783.9485657
File D:\BE\env\Lib\site-packages\django\contrib\messages\constants.py first seen with mtime 1717969785.238592
File D:\BE\env\Lib\site-packages\django\templatetags\tz.py first seen with mtime 1717969786.2189968
File D:\BE\env\Lib\site-packages\django\utils\duration.py first seen with mtime 1717969786.244079
File D:\BE\env\Lib\site-packages\rest_framework\decorators.py first seen with mtime 1717586632.395516
File C:\Users\TIRATH SHARMA\AppData\Local\Programs\Python\Python311\Lib\bisect.py first seen with mtime 1686097818.0
File D:\BE\env\Lib\site-packages\sqlparse\filters\reindent.py first seen with mtime 1717586294.1540053
File C:\Users\TIRATH SHARMA\AppData\Local\Programs\Python\Python311\Lib\ctypes\_endian.py first seen with mtime 1686097818.0
File C:\Users\TIRATH SHARMA\AppData\Local\Programs\Python\Python311\Lib\asyncio\windows_utils.py first seen with mtime 1686097818.0
File D:\BE\env\Lib\site-packages\django\contrib\sessions\models.py first seen with mtime 1717969785.5682313
File D:\BE\env\Lib\site-packages\django\contrib\staticfiles\__init__.py first seen with mtime 1717969785.916747
File D:\BE\env\Lib\site-packages\django\views\decorators\csrf.py first seen with mtime 1717969786.2732377
File D:\BE\auth_app\apps.py first seen with mtime 1717587282.9996278
File D:\BE\env\Lib\site-packages\django\conf\__init__.py first seen with mtime 1717969783.1167793
File C:\Users\TIRATH SHARMA\AppData\Local\Programs\Python\Python311\DLLs\_queue.pyd first seen with mtime 1686097894.0
File D:\BE\env\Lib\site-packages\django\db\models\fields\mixins.py first seen with mtime 1717969786.0836298
File D:\BE\env\Lib\site-packages\django\contrib\staticfiles\views.py first seen with mtime 1717969785.9223032
File D:\BE\env\Lib\site-packages\django\test\html.py first seen with mtime 1717969786.2209995
File D:\BE\env\Lib\site-packages\django\core\validators.py first seen with mtime 1717969785.9319725
File D:\BE\env\Lib\site-packages\pkg_resources\_vendor\packaging\_manylinux.py first seen with mtime 1717585413.0734916
File C:\Users\TIRATH SHARMA\AppData\Local\Programs\Python\Python311\Lib\http\__init__.py first seen with mtime 1686097818.0
File C:\Users\TIRATH SHARMA\AppData\Local\Programs\Python\Python311\Lib\bz2.py first seen with mtime 1686097818.0
File D:\BE\env\Lib\site-packages\django\db\models\enums.py first seen with mtime 1717969786.069945
File D:\BE\env\Lib\site-packages\rest_framework\schemas\utils.py first seen with mtime 1717586632.4859166
File C:\Users\TIRATH SHARMA\AppData\Local\Programs\Python\Python311\Lib\getpass.py first seen with mtime 1686097818.0
File D:\BE\env\Lib\site-packages\django\contrib\sites\requests.py first seen with mtime 1717969785.7443275
File D:\BE\env\Lib\site-packages\django\utils\itercompat.py first seen with mtime 1717969786.2454495
File C:\Users\TIRATH SHARMA\AppData\Local\Programs\Python\Python311\Lib\collections\abc.py first seen with mtime 1686097818.0
File C:\Users\TIRATH SHARMA\AppData\Local\Programs\Python\Python311\Lib\_compat_pickle.py first seen with mtime 1686097818.0
File D:\BE\env\Lib\site-packages\django\core\serializers\__init__.py first seen with mtime 1717969785.993434
File D:\BE\env\Lib\site-packages\django\db\backends\sqlite3\client.py first seen with mtime 1717969786.0404215
File D:\BE\env\Lib\site-packages\django\utils\deprecation.py first seen with mtime 1717969786.244079
File C:\Users\TIRATH SHARMA\AppData\Local\Programs\Python\Python311\DLLs\_lzma.pyd first seen with mtime 1686097894.0
File D:\BE\env\Lib\site-packages\django\contrib\admin\checks.py first seen with mtime 1717969783.417781
File D:\BE\env\Lib\site-packages\pkg_resources\_vendor\packaging\utils.py first seen with mtime 1717585413.0734916
File C:\Users\TIRATH SHARMA\AppData\Local\Programs\Python\Python311\Lib\xml\dom\domreg.py first seen with mtime 1686097818.0
File D:\BE\env\Lib\site-packages\pkg_resources\_vendor\packaging\specifiers.py first seen with mtime 1717585413.0734916
File C:\Users\TIRATH SHARMA\AppData\Local\Programs\Python\Python311\Lib\multiprocessing\__init__.py first seen with mtime 1686097818.0
File D:\BE\env\Lib\site-packages\pkg_resources\__init__.py first seen with mtime 1717585413.060606
File C:\Users\TIRATH SHARMA\AppData\Local\Programs\Python\Python311\Lib\traceback.py first seen with mtime 1686097818.0
File C:\Users\TIRATH SHARMA\AppData\Local\Programs\Python\Python311\Lib\xml\dom\xmlbuilder.py first seen with mtime 1686097818.0
File D:\BE\env\Lib\site-packages\django\db\migrations\operations\__init__.py first seen with mtime 1717969786.051983
File D:\BE\env\Lib\site-packages\django\middleware\cache.py first seen with mtime 1717969786.1796124
File D:\BE\env\Lib\site-packages\django\forms\renderers.py first seen with mtime 1717969786.102231
File C:\Users\TIRATH SHARMA\AppData\Local\Programs\Python\Python311\Lib\token.py first seen with mtime 1686097818.0
File C:\Users\TIRATH SHARMA\AppData\Local\Programs\Python\Python311\DLLs\_bz2.pyd first seen with mtime 1686097896.0
File C:\Users\TIRATH SHARMA\AppData\Local\Programs\Python\Python311\Lib\urllib\parse.py first seen with mtime 1686097818.0
File D:\BE\env\Lib\site-packages\django\contrib\admin\views\decorators.py first seen with mtime 1717969783.9499378
File C:\Users\TIRATH SHARMA\AppData\Local\Programs\Python\Python311\Lib\json\__init__.py first seen with mtime 1686097818.0
File D:\BE\env\Lib\site-packages\django\conf\global_settings.py first seen with mtime 1717969783.1167793
File D:\BE\env\Lib\site-packages\django\contrib\messages\utils.py first seen with mtime 1717969785.2398663
File D:\BE\env\Lib\site-packages\django\db\models\fields\__init__.py first seen with mtime 1717969786.081326
File D:\BE\env\Lib\site-packages\django\utils\regex_helper.py first seen with mtime 1717969786.2454495
File D:\BE\env\Lib\site-packages\rest_framework\permissions.py first seen with mtime 1717586632.4022117
File D:\BE\env\Lib\site-packages\django\contrib\sessions\backends\__init__.py first seen with mtime 1717969785.5702407
File D:\BE\manage.py first seen with mtime 1717586130.589443
File C:\Users\TIRATH SHARMA\AppData\Local\Programs\Python\Python311\Lib\random.py first seen with mtime 1686097818.0
File D:\BE\env\Lib\site-packages\django\core\management\commands\__init__.py first seen with mtime 1717969785.973981
File D:\BE\env\Lib\site-packages\django\forms\boundfield.py first seen with mtime 1717969786.102231
File D:\BE\env\Lib\site-packages\django\template\loaders\__init__.py first seen with mtime 1717969786.1943176
File C:\Users\TIRATH SHARMA\AppData\Local\Programs\Python\Python311\Lib\email\parser.py first seen with mtime 1686097818.0
File D:\BE\env\Lib\site-packages\django\contrib\auth\base_user.py first seen with mtime 1717969784.1572964
File C:\Users\TIRATH SHARMA\AppData\Local\Programs\Python\Python311\Lib\email\_policybase.py first seen with mtime 1686097818.0
File D:\BE\env\Lib\site-packages\sqlparse\keywords.py first seen with mtime 1717586294.149095
File C:\Users\TIRATH SHARMA\AppData\Local\Programs\Python\Python311\Lib\wsgiref\handlers.py first seen with mtime 1686097818.0
File D:\BE\env\Lib\site-packages\django\db\backends\sqlite3\__init__.py first seen with mtime 1717969786.037846
File D:\BE\env\Lib\site-packages\rest_framework\settings.py first seen with mtime 1717586632.4109507
File D:\BE\env\Lib\site-packages\corsheaders\apps.py first seen with mtime 1717590138.5062943
File D:\BE\env\Lib\site-packages\pkg_resources\_vendor\packaging\_musllinux.py first seen with mtime 1717585413.0734916
File D:\BE\env\Lib\site-packages\django\utils\html.py first seen with mtime 1717969786.2454495
File D:\BE\env\Lib\site-packages\rest_framework_simplejwt\authentication.py first seen with mtime 1717969691.4796505
File C:\Users\TIRATH SHARMA\AppData\Local\Programs\Python\Python311\Lib\asyncio\format_helpers.py first seen with mtime 1686097818.0
File D:\BE\env\Lib\site-packages\django\core\exceptions.py first seen with mtime 1717969785.929343
File D:\BE\env\Lib\site-packages\django\core\checks\security\base.py first seen with mtime 1717969785.9478297
File D:\BE\env\Lib\site-packages\django\core\files\images.py first seen with mtime 1717969785.9478297
File D:\BE\env\Lib\site-packages\django\core\serializers\python.py first seen with mtime 1717969785.994352
File D:\BE\env\Lib\site-packages\django\middleware\security.py first seen with mtime 1717969786.1853535
File C:\Users\TIRATH SHARMA\AppData\Local\Programs\Python\Python311\Lib\dis.py first seen with mtime 1686097818.0
File D:\BE\env\Lib\site-packages\django\db\migrations\operations\special.py first seen with mtime 1717969786.051983
File C:\Users\TIRATH SHARMA\AppData\Local\Programs\Python\Python311\Lib\mimetypes.py first seen with mtime 1686097818.0
File D:\BE\env\Lib\site-packages\django\core\mail\utils.py first seen with mtime 1717969785.9639637
File D:\BE\env\Lib\site-packages\rest_framework\apps.py first seen with mtime 1717586632.3901038
File D:\BE\env\Lib\site-packages\pkg_resources\_vendor\packaging\version.py first seen with mtime 1717585413.07965
File D:\BE\env\Lib\site-packages\django\db\models\sql\subqueries.py first seen with mtime 1717969786.0966702
File D:\BE\env\Lib\site-packages\django\utils\hashable.py first seen with mtime 1717969786.2454495
File D:\BE\env\Lib\site-packages\django\db\migrations\migration.py first seen with mtime 1717969786.051983
File D:\BE\env\Lib\site-packages\rest_framework_simplejwt\token_blacklist\models.py first seen with mtime 1717969691.526897
File D:\BE\env\Lib\site-packages\django\contrib\admin\models.py first seen with mtime 1717969783.4306314
File C:\Users\TIRATH SHARMA\AppData\Local\Programs\Python\Python311\Lib\email\_parseaddr.py first seen with mtime 1686097818.0
File D:\BE\env\Lib\site-packages\rest_framework\metadata.py first seen with mtime 1717586632.4009645
File D:\BE\env\Lib\site-packages\django\template\context.py first seen with mtime 1717969786.1890047
File D:\BE\env\Lib\site-packages\django\contrib\staticfiles\utils.py first seen with mtime 1717969785.921291
File D:\BE\env\Lib\site-packages\django\db\migrations\exceptions.py first seen with mtime 1717969786.0471156
File C:\Users\TIRATH SHARMA\AppData\Local\Programs\Python\Python311\Lib\encodings\__init__.py first seen with mtime 1686097818.0
File D:\BE\env\Lib\site-packages\django\core\files\locks.py first seen with mtime 1717969785.9478297
File D:\BE\env\Lib\site-packages\django\test\client.py first seen with mtime 1717969786.219998
File D:\BE\env\Lib\site-packages\django\db\__init__.py first seen with mtime 1717969786.0001738
File D:\BE\env\Lib\site-packages\django\utils\termcolors.py first seen with mtime 1717969786.2454495
File D:\BE\env\Lib\site-packages\django\contrib\contenttypes\admin.py first seen with mtime 1717969784.3666775
File D:\BE\env\Lib\site-packages\django\contrib\messages\apps.py first seen with mtime 1717969785.237576
File D:\BE\env\Lib\site-packages\pkg_resources\_vendor\packaging\__about__.py first seen with mtime 1717585413.0734916
File D:\BE\env\Lib\site-packages\django\utils\formats.py first seen with mtime 1717969786.2454495
File C:\Users\TIRATH SHARMA\AppData\Local\Programs\Python\Python311\Lib\_compression.py first seen with mtime 1686097818.0
File D:\BE\env\Lib\site-packages\django\template\response.py first seen with mtime 1717969786.1943176
File D:\BE\env\Lib\site-packages\django\db\models\sql\__init__.py first seen with mtime 1717969786.0943828
File D:\BE\env\Lib\site-packages\django\db\models\functions\window.py first seen with mtime 1717969786.0943828
File D:\BE\env\Lib\site-packages\sqlparse\sql.py first seen with mtime 1717586294.1507208
File C:\Users\TIRATH SHARMA\AppData\Local\Programs\Python\Python311\Lib\unittest\main.py first seen with mtime 1686097818.0
File D:\BE\env\Lib\site-packages\pkg_resources\_vendor\jaraco\functools.py first seen with mtime 1717585413.0624752
File D:\BE\env\Lib\site-packages\django\core\management\sql.py first seen with mtime 1717969785.971986
File C:\Users\TIRATH SHARMA\AppData\Local\Programs\Python\Python311\Lib\asyncio\windows_events.py first seen with mtime 1686097818.0
File C:\Users\TIRATH SHARMA\AppData\Local\Programs\Python\Python311\Lib\email\contentmanager.py first seen with mtime 1686097818.0
File D:\BE\env\Lib\site-packages\django\contrib\staticfiles\handlers.py first seen with mtime 1717969785.918857
File D:\BE\env\Lib\site-packages\rest_framework\fields.py first seen with mtime 1717586632.399057
File D:\BE\env\Lib\site-packages\corsheaders\checks.py first seen with mtime 1717590138.5080943
File D:\BE\env\Lib\site-packages\rest_framework\utils\encoders.py first seen with mtime 1717586632.548308
File D:\BE\env\Lib\site-packages\django\urls\base.py first seen with mtime 1717969786.226997
File C:\Users\TIRATH SHARMA\AppData\Local\Programs\Python\Python311\DLLs\_socket.pyd first seen with mtime 1686097894.0
File D:\BE\env\Lib\site-packages\django\contrib\auth\password_validation.py first seen with mtime 1717969784.1647642
File D:\BE\env\Lib\site-packages\django\core\checks\files.py first seen with mtime 1717969785.9443688
File D:\BE\env\Lib\site-packages\django\contrib\auth\admin.py first seen with mtime 1717969784.1552987
File D:\BE\env\Lib\site-packages\django\core\signing.py first seen with mtime 1717969785.9305933
File C:\Users\TIRATH SHARMA\AppData\Local\Programs\Python\Python311\Lib\ctypes\wintypes.py first seen with mtime 1686097818.0
File D:\BE\env\Lib\site-packages\django\utils\datastructures.py first seen with mtime 1717969786.2390795
File D:\BE\env\Lib\site-packages\django\contrib\admin\sites.py first seen with mtime 1717969783.4338765
File D:\BE\env\Lib\site-packages\django\utils\inspect.py first seen with mtime 1717969786.2454495
File C:\Users\TIRATH SHARMA\AppData\Local\Programs\Python\Python311\Lib\asyncio\queues.py first seen with mtime 1686097818.0
File D:\BE\env\Lib\site-packages\django\template\engine.py first seen with mtime 1717969786.1930103
File D:\BE\env\Lib\site-packages\django\test\__init__.py first seen with mtime 1717969786.2189968
File D:\BE\env\Lib\site-packages\django\utils\translation\__init__.py first seen with mtime 1717969786.2631056
File C:\Users\TIRATH SHARMA\AppData\Local\Programs\Python\Python311\Lib\asyncio\protocols.py first seen with mtime 1686097818.0
File D:\BE\env\Lib\site-packages\django\views\static.py first seen with mtime 1717969786.2692337
File D:\BE\env\Lib\site-packages\django\contrib\sessions\apps.py first seen with mtime 1717969785.5660284
File D:\BE\env\Lib\site-packages\django\db\models\sql\constants.py first seen with mtime 1717969786.0966702
File D:\BE\env\Lib\site-packages\django\template\loaders\app_directories.py first seen with mtime 1717969786.1943176
File D:\BE\env\Lib\site-packages\rest_framework\checks.py first seen with mtime 1717586632.3942258
File D:\BE\env\Lib\site-packages\django\db\models\indexes.py first seen with mtime 1717969786.0719461
File D:\BE\env\Lib\site-packages\django\core\checks\compatibility\django_4_0.py first seen with mtime 1717969785.9478297
File D:\BE\env\Lib\site-packages\pkg_resources\_vendor\pyparsing\core.py first seen with mtime 1717585413.0801833
File C:\Users\TIRATH SHARMA\AppData\Local\Programs\Python\Python311\Lib\unittest\result.py first seen with mtime 1686097818.0
File C:\Users\TIRATH SHARMA\AppData\Local\Programs\Python\Python311\Lib\email\base64mime.py first seen with mtime 1686097818.0
File D:\BE\env\Lib\site-packages\django\core\__init__.py first seen with mtime 1717969785.9278548
File D:\BE\env\Lib\site-packages\django\contrib\admin\templatetags\base.py first seen with mtime 1717969783.9475667
File D:\BE\env\Lib\site-packages\pkg_resources\_vendor\packaging\tags.py first seen with mtime 1717585413.0734916
File D:\BE\env\Lib\site-packages\asgiref\local.py first seen with mtime 1717586294.8724196
File D:\BE\website\__init__.py first seen with mtime 1718106985.3008769
File C:\Users\TIRATH SHARMA\AppData\Local\Programs\Python\Python311\Lib\asyncio\base_subprocess.py first seen with mtime 1686097818.0
File D:\BE\env\Lib\site-packages\django\contrib\admin\views\autocomplete.py first seen with mtime 1717969783.9499378
File C:\Users\TIRATH SHARMA\AppData\Local\Programs\Python\Python311\Lib\xml\dom\minidom.py first seen with mtime 1686097818.0
File D:\BE\env\Lib\site-packages\sqlparse\filters\output.py first seen with mtime 1717586294.1540053
File D:\BE\env\Lib\site-packages\django\contrib\messages\middleware.py first seen with mtime 1717969785.2398663
File C:\Users\TIRATH SHARMA\AppData\Local\Programs\Python\Python311\Lib\email\errors.py first seen with mtime 1686097818.0
File C:\Users\TIRATH SHARMA\AppData\Local\Programs\Python\Python311\Lib\xml\dom\NodeFilter.py first seen with mtime 1686097818.0
File D:\BE\env\Lib\site-packages\django\views\generic\detail.py first seen with mtime 1717969786.2792966
File C:\Users\TIRATH SHARMA\AppData\Local\Programs\Python\Python311\DLLs\unicodedata.pyd first seen with mtime 1686097896.0
File C:\Users\TIRATH SHARMA\AppData\Local\Programs\Python\Python311\Lib\re\_parser.py first seen with mtime 1686097818.0
File D:\BE\env\Lib\site-packages\django\contrib\auth\management\__init__.py first seen with mtime 1717969784.353389
File D:\BE\env\Lib\site-packages\django\db\migrations\__init__.py first seen with mtime 1717969786.0457683
File D:\BE\env\Lib\site-packages\corsheaders\signals.py first seen with mtime 1717590138.5152671
File D:\BE\env\Lib\site-packages\django\db\models\lookups.py first seen with mtime 1717969786.0729482
File D:\BE\env\Lib\site-packages\django\contrib\admin\widgets.py first seen with mtime 1717969783.4338765
File D:\BE\env\Lib\site-packages\django\views\generic\edit.py first seen with mtime 1717969786.2803438
File C:\Users\TIRATH SHARMA\AppData\Local\Programs\Python\Python311\Lib\inspect.py first seen with mtime 1686097818.0
File C:\Users\TIRATH SHARMA\AppData\Local\Programs\Python\Python311\Lib\asyncio\base_events.py first seen with mtime 1686097818.0
File D:\BE\be\__init__.py first seen with mtime 1717586130.622306
File D:\BE\env\Lib\site-packages\pkg_resources\_vendor\jaraco\context.py first seen with mtime 1717585413.0624752
File D:\BE\env\Lib\site-packages\django\contrib\messages\api.py first seen with mtime 1717969785.237576
File D:\BE\env\Lib\site-packages\rest_framework\routers.py first seen with mtime 1717586632.407179
File C:\Users\TIRATH SHARMA\AppData\Local\Programs\Python\Python311\Lib\wsgiref\util.py first seen with mtime 1686097818.0
File D:\BE\env\Lib\site-packages\django\core\files\uploadedfile.py first seen with mtime 1717969785.9478297
File D:\BE\env\Lib\site-packages\django\templatetags\cache.py first seen with mtime 1717969786.2159972
File C:\Users\TIRATH SHARMA\AppData\Local\Programs\Python\Python311\Lib\tempfile.py first seen with mtime 1686097818.0
File D:\BE\env\Lib\site-packages\django\apps\registry.py first seen with mtime 1717969783.115251
File D:\BE\env\Lib\site-packages\django\core\cache\backends\base.py first seen with mtime 1717969785.935992
File D:\BE\env\Lib\site-packages\django\core\checks\translation.py first seen with mtime 1717969785.9478297
File C:\Users\TIRATH SHARMA\AppData\Local\Programs\Python\Python311\Lib\logging\config.py first seen with mtime 1686097818.0
File D:\BE\env\Lib\site-packages\django\db\models\sql\where.py first seen with mtime 1717969786.0966702
File D:\BE\env\Lib\site-packages\django\db\models\query_utils.py first seen with mtime 1717969786.078489
File D:\BE\env\Lib\site-packages\django\utils\__init__.py first seen with mtime 1717969786.23108
File D:\BE\env\Lib\site-packages\django\db\utils.py first seen with mtime 1717969786.0001738
File D:\BE\env\Lib\site-packages\django\core\management\color.py first seen with mtime 1717969785.971986
File D:\BE\env\Lib\site-packages\django\db\models\functions\datetime.py first seen with mtime 1717969786.0908544
File C:\Users\TIRATH SHARMA\AppData\Local\Programs\Python\Python311\Lib\asyncio\timeouts.py first seen with mtime 1686097818.0
File C:\Users\TIRATH SHARMA\AppData\Local\Programs\Python\Python311\Lib\zipfile.py first seen with mtime 1686097818.0
File D:\BE\env\Lib\site-packages\django\db\models\aggregates.py first seen with mtime 1717969786.064938
File C:\Users\TIRATH SHARMA\AppData\Local\Programs\Python\Python311\Lib\concurrent\__init__.py first seen with mtime 1686097818.0
File C:\Users\TIRATH SHARMA\AppData\Local\Programs\Python\Python311\Lib\wsgiref\__init__.py first seen with mtime 1686097818.0
File C:\Users\TIRATH SHARMA\AppData\Local\Programs\Python\Python311\Lib\encodings\aliases.py first seen with mtime 1686097818.0
File D:\BE\env\Lib\site-packages\sqlparse\lexer.py first seen with mtime 1717586294.1496222
File C:\Users\TIRATH SHARMA\AppData\Local\Programs\Python\Python311\Lib\asyncio\log.py first seen with mtime 1686097818.0
File D:\BE\env\Lib\site-packages\django\db\models\manager.py first seen with mtime 1717969786.073948
File D:\BE\env\Lib\site-packages\rest_framework\authtoken\__init__.py first seen with mtime 1717586632.416517
File C:\Users\TIRATH SHARMA\AppData\Local\Programs\Python\Python311\Lib\xml\parsers\__init__.py first seen with mtime 1686097818.0
File C:\Users\TIRATH SHARMA\AppData\Local\Programs\Python\Python311\DLLs\pyexpat.pyd first seen with mtime 1686097896.0
File C:\Users\TIRATH SHARMA\AppData\Local\Programs\Python\Python311\Lib\opcode.py first seen with mtime 1686097818.0
File D:\BE\env\Lib\site-packages\rest_framework\parsers.py first seen with mtime 1717586632.4022117
File D:\BE\env\Lib\site-packages\django\core\files\base.py first seen with mtime 1717969785.9478297
File C:\Users\TIRATH SHARMA\AppData\Local\Programs\Python\Python311\Lib\html\__init__.py first seen with mtime 1686097818.0
File D:\BE\env\Lib\site-packages\django\db\models\base.py first seen with mtime 1717969786.0659506
File C:\Users\TIRATH SHARMA\AppData\Local\Programs\Python\Python311\Lib\hmac.py first seen with mtime 1686097818.0
File D:\BE\env\Lib\site-packages\django\utils\translation\trans_real.py first seen with mtime 1717969786.2652316
File C:\Users\TIRATH SHARMA\AppData\Local\Programs\Python\Python311\Lib\collections\__init__.py first seen with mtime 1686097818.0
File D:\BE\env\Lib\site-packages\django\dispatch\dispatcher.py first seen with mtime 1717969786.0966702
File C:\Users\TIRATH SHARMA\AppData\Local\Programs\Python\Python311\Lib\fractions.py first seen with mtime 1686097818.0
File D:\BE\env\Lib\site-packages\django\templatetags\__init__.py first seen with mtime 1717969786.215006
File D:\BE\env\Lib\site-packages\rest_framework\utils\model_meta.py first seen with mtime 1717586632.549949
File D:\BE\env\Lib\site-packages\django\utils\dateparse.py first seen with mtime 1717969786.2400844
File D:\BE\env\Lib\site-packages\django\conf\locale\__init__.py first seen with mtime 1717969783.120641
File D:\BE\env\Lib\site-packages\django\core\handlers\base.py first seen with mtime 1717969785.9596107
File D:\BE\env\Lib\site-packages\django\template\loaders\cached.py first seen with mtime 1717969786.1943176
File D:\BE\env\Lib\site-packages\django\test\utils.py first seen with mtime 1717969786.2259977
File C:\Users\TIRATH SHARMA\AppData\Local\Programs\Python\Python311\Lib\email\mime\multipart.py first seen with mtime 1686097818.0
File D:\BE\env\Lib\site-packages\pkg_resources\_vendor\packaging\requirements.py first seen with mtime 1717585413.0734916
File D:\BE\env\Lib\site-packages\django\contrib\admin\helpers.py first seen with mtime 1717969783.4306314
File C:\Users\TIRATH SHARMA\AppData\Local\Programs\Python\Python311\Lib\contextlib.py first seen with mtime 1686097818.0
File D:\BE\env\Lib\site-packages\django\apps\__init__.py first seen with mtime 1717969783.1077425
File C:\Users\TIRATH SHARMA\AppData\Local\Programs\Python\Python311\Lib\wsgiref\headers.py first seen with mtime 1686097818.0
File D:\BE\env\Lib\site-packages\django\core\files\storage.py first seen with mtime 1717969785.9478297
File D:\BE\env\Lib\site-packages\django\db\migrations\operations\fields.py first seen with mtime 1717969786.051983
File D:\BE\env\Lib\site-packages\django\views\decorators\common.py first seen with mtime 1717969786.272234
File D:\BE\env\Lib\site-packages\django\template\defaultfilters.py first seen with mtime 1717969786.1910038
File D:\BE\env\Lib\site-packages\django\utils\module_loading.py first seen with mtime 1717969786.2454495
File D:\BE\env\Lib\site-packages\django\views\decorators\cache.py first seen with mtime 1717969786.27123
File D:\BE\env\Lib\site-packages\sqlparse\formatter.py first seen with mtime 1717586294.1485455
File D:\BE\env\Lib\site-packages\django\template\utils.py first seen with mtime 1717969786.1943176
File D:\BE\env\Lib\site-packages\django\db\backends\base\features.py first seen with mtime 1717969786.0001738
File D:\BE\env\Lib\site-packages\django\urls\exceptions.py first seen with mtime 1717969786.229043
File C:\Users\TIRATH SHARMA\AppData\Local\Programs\Python\Python311\Lib\asyncio\selector_events.py first seen with mtime 1686097818.0
File D:\BE\env\Lib\site-packages\django\utils\decorators.py first seen with mtime 1717969786.2430787
File D:\BE\env\Lib\site-packages\django\core\cache\__init__.py first seen with mtime 1717969785.9333804
File D:\BE\env\Lib\site-packages\django\utils\lorem_ipsum.py first seen with mtime 1717969786.2454495
File C:\Users\TIRATH SHARMA\AppData\Local\Programs\Python\Python311\Lib\asyncio\taskgroups.py first seen with mtime 1686097818.0
File C:\Users\TIRATH SHARMA\AppData\Local\Programs\Python\Python311\Lib\email\_header_value_parser.py first seen with mtime 1686097818.0
File D:\BE\env\Lib\site-packages\django\contrib\admin\views\main.py first seen with mtime 1717969783.9499378
File D:\BE\env\Lib\site-packages\django\utils\timezone.py first seen with mtime 1717969786.2454495
File C:\Users\TIRATH SHARMA\AppData\Local\Programs\Python\Python311\Lib\asyncio\coroutines.py first seen with mtime 1686097818.0
File D:\BE\env\Lib\site-packages\django\db\models\functions\math.py first seen with mtime 1717969786.0918581
File D:\BE\env\Lib\site-packages\django\core\checks\security\__init__.py first seen with mtime 1717969785.9478297
File D:\BE\env\Lib\site-packages\django\core\management\base.py first seen with mtime 1717969785.9709842
File C:\Users\TIRATH SHARMA\AppData\Local\Programs\Python\Python311\Lib\difflib.py first seen with mtime 1686097818.0
File D:\BE\env\Lib\site-packages\django\contrib\contenttypes\forms.py first seen with mtime 1717969784.369677
File D:\BE\env\Lib\site-packages\django\forms\widgets.py first seen with mtime 1717969786.1092427
File D:\BE\env\Lib\site-packages\django\db\migrations\utils.py first seen with mtime 1717969786.051983
File C:\Users\TIRATH SHARMA\AppData\Local\Programs\Python\Python311\Lib\lzma.py first seen with mtime 1686097818.0
File C:\Users\TIRATH SHARMA\AppData\Local\Programs\Python\Python311\Lib\secrets.py first seen with mtime 1686097818.0
File C:\Users\TIRATH SHARMA\AppData\Local\Programs\Python\Python311\Lib\pprint.py first seen with mtime 1686097818.0
File C:\Users\TIRATH SHARMA\AppData\Local\Programs\Python\Python311\Lib\email\charset.py first seen with mtime 1686097818.0
File D:\BE\env\Lib\site-packages\django\core\files\temp.py first seen with mtime 1717969785.9478297
File D:\BE\env\Lib\site-packages\asgiref\__init__.py first seen with mtime 1717586294.8620136
File C:\Users\TIRATH SHARMA\AppData\Local\Programs\Python\Python311\Lib\ipaddress.py first seen with mtime 1686097818.0
File D:\BE\env\Lib\site-packages\rest_framework\utils\field_mapping.py first seen with mtime 1717586632.5494366
File D:\BE\env\Lib\site-packages\django\views\decorators\__init__.py first seen with mtime 1717969786.2702293
File C:\Users\TIRATH SHARMA\AppData\Local\Programs\Python\Python311\Lib\importlib\resources\_common.py first seen with mtime 1686097818.0
File D:\BE\env\Lib\site-packages\rest_framework\authtoken\admin.py first seen with mtime 1717586632.4197886
File D:\BE\env\Lib\site-packages\_distutils_hack\__init__.py first seen with mtime 1717585413.05731
File C:\Users\TIRATH SHARMA\AppData\Local\Programs\Python\Python311\Lib\asyncio\events.py first seen with mtime 1686097818.0
File D:\BE\env\Lib\site-packages\rest_framework\schemas\openapi.py first seen with mtime 1717586632.4859166
File D:\BE\env\Lib\site-packages\rest_framework\utils\json.py first seen with mtime 1717586632.549949
File D:\BE\env\Lib\site-packages\sqlparse\engine\filter_stack.py first seen with mtime 1717586294.1529055
File C:\Users\TIRATH SHARMA\AppData\Local\Programs\Python\Python311\Lib\asyncio\locks.py first seen with mtime 1686097818.0
File D:\BE\env\Lib\site-packages\django\contrib\contenttypes\__init__.py first seen with mtime 1717969784.3666775
File D:\BE\env\Lib\site-packages\django\core\cache\backends\filebased.py first seen with mtime 1717969785.93864
File D:\BE\env\Lib\site-packages\django\contrib\auth\forms.py first seen with mtime 1717969784.1612186
File D:\BE\env\Lib\site-packages\pkg_resources\_vendor\more_itertools\more.py first seen with mtime 1717585413.0715122
File C:\Users\TIRATH SHARMA\AppData\Local\Programs\Python\Python311\Lib\keyword.py first seen with mtime 1686097818.0
File D:\BE\env\Lib\site-packages\rest_framework\status.py first seen with mtime 1717586632.4109507
File D:\BE\env\Lib\site-packages\pkg_resources\_vendor\pyparsing\unicode.py first seen with mtime 1717585413.0801833
File D:\BE\env\Lib\site-packages\django\contrib\admin\actions.py first seen with mtime 1717969783.417781
File D:\BE\env\Lib\site-packages\django\db\migrations\operations\models.py first seen with mtime 1717969786.051983
File C:\Users\TIRATH SHARMA\AppData\Local\Programs\Python\Python311\Lib\email\__init__.py first seen with mtime 1686097818.0
File D:\BE\env\Lib\site-packages\django\db\models\functions\mixins.py first seen with mtime 1717969786.0918581
File D:\BE\env\Lib\site-packages\django\db\models\fields\related_lookups.py first seen with mtime 1717969786.087849
File D:\BE\env\Lib\site-packages\django\urls\__init__.py first seen with mtime 1717969786.2259977
File D:\BE\env\Lib\site-packages\django\db\models\functions\comparison.py first seen with mtime 1717969786.089857
File C:\Users\TIRATH SHARMA\AppData\Local\Programs\Python\Python311\Lib\unittest\runner.py first seen with mtime 1686097818.0
File C:\Users\TIRATH SHARMA\AppData\Local\Programs\Python\Python311\Lib\gzip.py first seen with mtime 1686097818.0
File D:\BE\env\Lib\site-packages\django\contrib\auth\__init__.py first seen with mtime 1717969784.1542966
File C:\Users\TIRATH SHARMA\AppData\Local\Programs\Python\Python311\Lib\email\mime\__init__.py first seen with mtime 1686097818.0
File C:\Users\TIRATH SHARMA\AppData\Local\Programs\Python\Python311\DLLs\_uuid.pyd first seen with mtime 1686097894.0
File D:\BE\env\Lib\site-packages\pkg_resources\_vendor\pyparsing\helpers.py first seen with mtime 1717585413.0801833
File D:\BE\env\Lib\site-packages\django\contrib\messages\storage\base.py first seen with mtime 1717969785.2425342
File D:\BE\env\Lib\site-packages\rest_framework\renderers.py first seen with mtime 1717586632.4022117
File D:\BE\env\Lib\site-packages\django\utils\http.py first seen with mtime 1717969786.2454495
File D:\BE\env\Lib\site-packages\sqlparse\cli.py first seen with mtime 1717586294.1475008
File D:\BE\env\Lib\site-packages\django\template\loaders\filesystem.py first seen with mtime 1717969786.212995
File C:\Users\TIRATH SHARMA\AppData\Local\Programs\Python\Python311\Lib\signal.py first seen with mtime 1686097818.0
File D:\BE\env\Lib\site-packages\django\core\mail\message.py first seen with mtime 1717969785.9626193
File D:\BE\env\Lib\site-packages\django\template\exceptions.py first seen with mtime 1717969786.1943176
File D:\BE\env\Lib\site-packages\django\contrib\admin\templatetags\__init__.py first seen with mtime 1717969783.9400759
File C:\Users\TIRATH SHARMA\AppData\Local\Programs\Python\Python311\Lib\xml\parsers\expat.py first seen with mtime 1686097818.0
File D:\BE\env\Lib\site-packages\pkg_resources\extern\__init__.py first seen with mtime 1717585413.0886557
File D:\BE\env\Lib\site-packages\django\core\cache\utils.py first seen with mtime 1717969785.934888
File C:\Users\TIRATH SHARMA\AppData\Local\Programs\Python\Python311\Lib\datetime.py first seen with mtime 1686097818.0
File D:\BE\env\Lib\site-packages\django\db\backends\sqlite3\features.py first seen with mtime 1717969786.0429313
File D:\BE\env\Lib\site-packages\django\core\serializers\json.py first seen with mtime 1717969785.994352
File D:\BE\env\Lib\site-packages\django\contrib\auth\hashers.py first seen with mtime 1717969784.161694
File D:\BE\env\Lib\site-packages\django\core\wsgi.py first seen with mtime 1717969785.9333804
File D:\BE\env\Lib\site-packages\django\core\checks\security\sessions.py first seen with mtime 1717969785.9478297
File D:\BE\env\Lib\site-packages\rest_framework\templates\rest_framework first seen with mtime 1717586632.534125
File D:\BE\env\Lib\site-packages\rest_framework\templates\rest_framework\admin first seen with mtime 1717586632.5183287
File D:\BE\env\Lib\site-packages\rest_framework\templates\rest_framework\admin.html first seen with mtime 1717586632.514627
File D:\BE\env\Lib\site-packages\rest_framework\templates\rest_framework\api.html first seen with mtime 1717586632.514627
File D:\BE\env\Lib\site-packages\rest_framework\templates\rest_framework\base.html first seen with mtime 1717586632.5156927
File D:\BE\env\Lib\site-packages\rest_framework\templates\rest_framework\docs first seen with mtime 1717586632.5183287
File D:\BE\env\Lib\site-packages\rest_framework\templates\rest_framework\filters first seen with mtime 1717586632.527793
File D:\BE\env\Lib\site-packages\rest_framework\templates\rest_framework\horizontal first seen with mtime 1717586632.527793
File D:\BE\env\Lib\site-packages\rest_framework\templates\rest_framework\inline first seen with mtime 1717586632.534125
File D:\BE\env\Lib\site-packages\rest_framework\templates\rest_framework\login.html first seen with mtime 1717586632.5156927
File D:\BE\env\Lib\site-packages\rest_framework\templates\rest_framework\login_base.html first seen with mtime 1717586632.5156927
File D:\BE\env\Lib\site-packages\rest_framework\templates\rest_framework\pagination first seen with mtime 1717586632.534125
File D:\BE\env\Lib\site-packages\rest_framework\templates\rest_framework\raw_data_form.html first seen with mtime 1717586632.5156927
File D:\BE\env\Lib\site-packages\rest_framework\templates\rest_framework\schema.js first seen with mtime 1717586632.517222
File D:\BE\env\Lib\site-packages\rest_framework\templates\rest_framework\vertical first seen with mtime 1717586632.5420606
File D:\BE\env\Lib\site-packages\rest_framework\templates\rest_framework\admin\detail.html first seen with mtime 1717586632.5183287
File D:\BE\env\Lib\site-packages\rest_framework\templates\rest_framework\admin\dict_value.html first seen with mtime 1717586632.5183287
File D:\BE\env\Lib\site-packages\rest_framework\templates\rest_framework\admin\list.html first seen with mtime 1717586632.5183287
File D:\BE\env\Lib\site-packages\rest_framework\templates\rest_framework\admin\list_value.html first seen with mtime 1717586632.5183287
File D:\BE\env\Lib\site-packages\rest_framework\templates\rest_framework\admin\simple_list_value.html first seen with mtime 1717586632.5183287
File D:\BE\env\Lib\site-packages\rest_framework\templates\rest_framework\docs\auth first seen with mtime 1717586632.5183287
File D:\BE\env\Lib\site-packages\rest_framework\templates\rest_framework\docs\document.html first seen with mtime 1717586632.5183287
File D:\BE\env\Lib\site-packages\rest_framework\templates\rest_framework\docs\error.html first seen with mtime 1717586632.5183287
File D:\BE\env\Lib\site-packages\rest_framework\templates\rest_framework\docs\index.html first seen with mtime 1717586632.5183287
File D:\BE\env\Lib\site-packages\rest_framework\templates\rest_framework\docs\interact.html first seen with mtime 1717586632.5183287
File D:\BE\env\Lib\site-packages\rest_framework\templates\rest_framework\docs\langs first seen with mtime 1717586632.526337
File D:\BE\env\Lib\site-packages\rest_framework\templates\rest_framework\docs\link.html first seen with mtime 1717586632.5183287
File D:\BE\env\Lib\site-packages\rest_framework\templates\rest_framework\docs\sidebar.html first seen with mtime 1717586632.5183287
File D:\BE\env\Lib\site-packages\rest_framework\templates\rest_framework\docs\auth\basic.html first seen with mtime 1717586632.5183287
File D:\BE\env\Lib\site-packages\rest_framework\templates\rest_framework\docs\auth\session.html first seen with mtime 1717586632.5183287
File D:\BE\env\Lib\site-packages\rest_framework\templates\rest_framework\docs\auth\token.html first seen with mtime 1717586632.5183287
File D:\BE\env\Lib\site-packages\rest_framework\templates\rest_framework\docs\langs\javascript-intro.html first seen with mtime 1717586632.5183287
File D:\BE\env\Lib\site-packages\rest_framework\templates\rest_framework\docs\langs\javascript.html first seen with mtime 1717586632.5246632
File D:\BE\env\Lib\site-packages\rest_framework\templates\rest_framework\docs\langs\python-intro.html first seen with mtime 1717586632.5246632
File D:\BE\env\Lib\site-packages\rest_framework\templates\rest_framework\docs\langs\python.html first seen with mtime 1717586632.5246632
File D:\BE\env\Lib\site-packages\rest_framework\templates\rest_framework\docs\langs\shell-intro.html first seen with mtime 1717586632.5246632
File D:\BE\env\Lib\site-packages\rest_framework\templates\rest_framework\docs\langs\shell.html first seen with mtime 1717586632.526337
File D:\BE\env\Lib\site-packages\rest_framework\templates\rest_framework\filters\base.html first seen with mtime 1717586632.526337
File D:\BE\env\Lib\site-packages\rest_framework\templates\rest_framework\filters\ordering.html first seen with mtime 1717586632.526337
File D:\BE\env\Lib\site-packages\rest_framework\templates\rest_framework\filters\search.html first seen with mtime 1717586632.527793
File D:\BE\env\Lib\site-packages\rest_framework\templates\rest_framework\horizontal\checkbox.html first seen with mtime 1717586632.527793
File D:\BE\env\Lib\site-packages\rest_framework\templates\rest_framework\horizontal\checkbox_multiple.html first seen with mtime 1717586632.527793
File D:\BE\env\Lib\site-packages\rest_framework\templates\rest_framework\horizontal\dict_field.html first seen with mtime 1717586632.527793
File D:\BE\env\Lib\site-packages\rest_framework\templates\rest_framework\horizontal\fieldset.html first seen with mtime 1717586632.527793
File D:\BE\env\Lib\site-packages\rest_framework\templates\rest_framework\horizontal\form.html first seen with mtime 1717586632.527793
File D:\BE\env\Lib\site-packages\rest_framework\templates\rest_framework\horizontal\input.html first seen with mtime 1717586632.527793
File D:\BE\env\Lib\site-packages\rest_framework\templates\rest_framework\horizontal\list_field.html first seen with mtime 1717586632.527793
File D:\BE\env\Lib\site-packages\rest_framework\templates\rest_framework\horizontal\list_fieldset.html first seen with mtime 1717586632.527793
File D:\BE\env\Lib\site-packages\rest_framework\templates\rest_framework\horizontal\radio.html first seen with mtime 1717586632.527793
File D:\BE\env\Lib\site-packages\rest_framework\templates\rest_framework\horizontal\select.html first seen with mtime 1717586632.527793
File D:\BE\env\Lib\site-packages\rest_framework\templates\rest_framework\horizontal\select_multiple.html first seen with mtime 1717586632.527793
File D:\BE\env\Lib\site-packages\rest_framework\templates\rest_framework\horizontal\textarea.html first seen with mtime 1717586632.527793
File D:\BE\env\Lib\site-packages\rest_framework\templates\rest_framework\inline\checkbox.html first seen with mtime 1717586632.533116
File D:\BE\env\Lib\site-packages\rest_framework\templates\rest_framework\inline\checkbox_multiple.html first seen with mtime 1717586632.534125
File D:\BE\env\Lib\site-packages\rest_framework\templates\rest_framework\inline\dict_field.html first seen with mtime 1717586632.534125
File D:\BE\env\Lib\site-packages\rest_framework\templates\rest_framework\inline\fieldset.html first seen with mtime 1717586632.534125
File D:\BE\env\Lib\site-packages\rest_framework\templates\rest_framework\inline\form.html first seen with mtime 1717586632.534125
File D:\BE\env\Lib\site-packages\rest_framework\templates\rest_framework\inline\input.html first seen with mtime 1717586632.534125
File D:\BE\env\Lib\site-packages\rest_framework\templates\rest_framework\inline\list_field.html first seen with mtime 1717586632.534125
File D:\BE\env\Lib\site-packages\rest_framework\templates\rest_framework\inline\list_fieldset.html first seen with mtime 1717586632.534125
File D:\BE\env\Lib\site-packages\rest_framework\templates\rest_framework\inline\radio.html first seen with mtime 1717586632.534125
File D:\BE\env\Lib\site-packages\rest_framework\templates\rest_framework\inline\select.html first seen with mtime 1717586632.534125
File D:\BE\env\Lib\site-packages\rest_framework\templates\rest_framework\inline\select_multiple.html first seen with mtime 1717586632.534125
File D:\BE\env\Lib\site-packages\rest_framework\templates\rest_framework\inline\textarea.html first seen with mtime 1717586632.534125
File D:\BE\env\Lib\site-packages\rest_framework\templates\rest_framework\pagination\numbers.html first seen with mtime 1717586632.534125
File D:\BE\env\Lib\site-packages\rest_framework\templates\rest_framework\pagination\previous_and_next.html first seen with mtime 1717586632.534125
File D:\BE\env\Lib\site-packages\rest_framework\templates\rest_framework\vertical\checkbox.html first seen with mtime 1717586632.534125
File D:\BE\env\Lib\site-packages\rest_framework\templates\rest_framework\vertical\checkbox_multiple.html first seen with mtime 1717586632.534125
File D:\BE\env\Lib\site-packages\rest_framework\templates\rest_framework\vertical\dict_field.html first seen with mtime 1717586632.5420606
File D:\BE\env\Lib\site-packages\rest_framework\templates\rest_framework\vertical\fieldset.html first seen with mtime 1717586632.5420606
File D:\BE\env\Lib\site-packages\rest_framework\templates\rest_framework\vertical\form.html first seen with mtime 1717586632.5420606
File D:\BE\env\Lib\site-packages\rest_framework\templates\rest_framework\vertical\input.html first seen with mtime 1717586632.5420606
File D:\BE\env\Lib\site-packages\rest_framework\templates\rest_framework\vertical\list_field.html first seen with mtime 1717586632.5420606
File D:\BE\env\Lib\site-packages\rest_framework\templates\rest_framework\vertical\list_fieldset.html first seen with mtime 1717586632.5420606
File D:\BE\env\Lib\site-packages\rest_framework\templates\rest_framework\vertical\radio.html first seen with mtime 1717586632.5420606
File D:\BE\env\Lib\site-packages\rest_framework\templates\rest_framework\vertical\select.html first seen with mtime 1717586632.5420606
File D:\BE\env\Lib\site-packages\rest_framework\templates\rest_framework\vertical\select_multiple.html first seen with mtime 1717586632.5420606
File D:\BE\env\Lib\site-packages\rest_framework\templates\rest_framework\vertical\textarea.html first seen with mtime 1717586632.5420606
File D:\BE\env\Lib\site-packages\rest_framework\locale\ach\LC_MESSAGES\django.mo first seen with mtime 1717586632.422527
File D:\BE\env\Lib\site-packages\rest_framework\locale\ar\LC_MESSAGES\django.mo first seen with mtime 1717586632.422527
File D:\BE\env\Lib\site-packages\rest_framework\locale\az\LC_MESSAGES\django.mo first seen with mtime 1717586632.422527
File D:\BE\env\Lib\site-packages\rest_framework\locale\be\LC_MESSAGES\django.mo first seen with mtime 1717586632.422527
File D:\BE\env\Lib\site-packages\rest_framework\locale\bg\LC_MESSAGES\django.mo first seen with mtime 1717586632.422527
File D:\BE\env\Lib\site-packages\rest_framework\locale\ca\LC_MESSAGES\django.mo first seen with mtime 1717586632.422527
File D:\BE\env\Lib\site-packages\rest_framework\locale\ca_ES\LC_MESSAGES\django.mo first seen with mtime 1717586632.422527
File D:\BE\env\Lib\site-packages\rest_framework\locale\cs\LC_MESSAGES\django.mo first seen with mtime 1717586632.422527
File D:\BE\env\Lib\site-packages\rest_framework\locale\da\LC_MESSAGES\django.mo first seen with mtime 1717586632.422527
File D:\BE\env\Lib\site-packages\rest_framework\locale\de\LC_MESSAGES\django.mo first seen with mtime 1717586632.422527
File D:\BE\env\Lib\site-packages\rest_framework\locale\el\LC_MESSAGES\django.mo first seen with mtime 1717586632.422527
File D:\BE\env\Lib\site-packages\rest_framework\locale\el_GR\LC_MESSAGES\django.mo first seen with mtime 1717586632.422527
File D:\BE\env\Lib\site-packages\rest_framework\locale\en\LC_MESSAGES\django.mo first seen with mtime 1717586632.4380355
File D:\BE\env\Lib\site-packages\rest_framework\locale\en_AU\LC_MESSAGES\django.mo first seen with mtime 1717586632.4380355
File D:\BE\env\Lib\site-packages\rest_framework\locale\en_CA\LC_MESSAGES\django.mo first seen with mtime 1717586632.4413865
File D:\BE\env\Lib\site-packages\rest_framework\locale\en_US\LC_MESSAGES\django.mo first seen with mtime 1717586632.4413865
File D:\BE\env\Lib\site-packages\rest_framework\locale\es\LC_MESSAGES\django.mo first seen with mtime 1717586632.4458659
File D:\BE\env\Lib\site-packages\rest_framework\locale\et\LC_MESSAGES\django.mo first seen with mtime 1717586632.4458659
File D:\BE\env\Lib\site-packages\rest_framework\locale\fa\LC_MESSAGES\django.mo first seen with mtime 1717586632.4474866
File D:\BE\env\Lib\site-packages\rest_framework\locale\fa_IR\LC_MESSAGES\django.mo first seen with mtime 1717586632.4474866
File D:\BE\env\Lib\site-packages\rest_framework\locale\fi\LC_MESSAGES\django.mo first seen with mtime 1717586632.4474866
File D:\BE\env\Lib\site-packages\rest_framework\locale\fr\LC_MESSAGES\django.mo first seen with mtime 1717586632.4474866
File D:\BE\env\Lib\site-packages\rest_framework\locale\fr_CA\LC_MESSAGES\django.mo first seen with mtime 1717586632.4474866
File D:\BE\env\Lib\site-packages\rest_framework\locale\gl\LC_MESSAGES\django.mo first seen with mtime 1717586632.4474866
File D:\BE\env\Lib\site-packages\rest_framework\locale\gl_ES\LC_MESSAGES\django.mo first seen with mtime 1717586632.4474866
File D:\BE\env\Lib\site-packages\rest_framework\locale\he_IL\LC_MESSAGES\django.mo first seen with mtime 1717586632.4540398
File D:\BE\env\Lib\site-packages\rest_framework\locale\hu\LC_MESSAGES\django.mo first seen with mtime 1717586632.4540398
File D:\BE\env\Lib\site-packages\rest_framework\locale\hy\LC_MESSAGES\django.mo first seen with mtime 1717586632.4540398
File D:\BE\env\Lib\site-packages\rest_framework\locale\id\LC_MESSAGES\django.mo first seen with mtime 1717586632.4540398
File D:\BE\env\Lib\site-packages\rest_framework\locale\it\LC_MESSAGES\django.mo first seen with mtime 1717586632.4540398
File D:\BE\env\Lib\site-packages\rest_framework\locale\ja\LC_MESSAGES\django.mo first seen with mtime 1717586632.4540398
File D:\BE\env\Lib\site-packages\rest_framework\locale\ko_KR\LC_MESSAGES\django.mo first seen with mtime 1717586632.4540398
File D:\BE\env\Lib\site-packages\rest_framework\locale\lt\LC_MESSAGES\django.mo first seen with mtime 1717586632.4601748
File D:\BE\env\Lib\site-packages\rest_framework\locale\lv\LC_MESSAGES\django.mo first seen with mtime 1717586632.4601748
File D:\BE\env\Lib\site-packages\rest_framework\locale\mk\LC_MESSAGES\django.mo first seen with mtime 1717586632.4601748
File D:\BE\env\Lib\site-packages\rest_framework\locale\nb\LC_MESSAGES\django.mo first seen with mtime 1717586632.4601748
File D:\BE\env\Lib\site-packages\rest_framework\locale\ne_NP\LC_MESSAGES\django.mo first seen with mtime 1717586632.4601748
File D:\BE\env\Lib\site-packages\rest_framework\locale\nl\LC_MESSAGES\django.mo first seen with mtime 1717586632.4653637
File D:\BE\env\Lib\site-packages\rest_framework\locale\nn\LC_MESSAGES\django.mo first seen with mtime 1717586632.466524
File D:\BE\env\Lib\site-packages\rest_framework\locale\no\LC_MESSAGES\django.mo first seen with mtime 1717586632.466524
File D:\BE\env\Lib\site-packages\rest_framework\locale\pl\LC_MESSAGES\django.mo first seen with mtime 1717586632.467711
File D:\BE\env\Lib\site-packages\rest_framework\locale\pt\LC_MESSAGES\django.mo first seen with mtime 1717586632.467711
File D:\BE\env\Lib\site-packages\rest_framework\locale\pt_BR\LC_MESSAGES\django.mo first seen with mtime 1717586632.4688604
File D:\BE\env\Lib\site-packages\rest_framework\locale\pt_PT\LC_MESSAGES\django.mo first seen with mtime 1717586632.4688604
File D:\BE\env\Lib\site-packages\rest_framework\locale\ro\LC_MESSAGES\django.mo first seen with mtime 1717586632.4699986
File D:\BE\env\Lib\site-packages\rest_framework\locale\ru\LC_MESSAGES\django.mo first seen with mtime 1717586632.4699986
File D:\BE\env\Lib\site-packages\rest_framework\locale\ru_RU\LC_MESSAGES\django.mo first seen with mtime 1717586632.4699986
File D:\BE\env\Lib\site-packages\rest_framework\locale\sk\LC_MESSAGES\django.mo first seen with mtime 1717586632.4699986
File D:\BE\env\Lib\site-packages\rest_framework\locale\sl\LC_MESSAGES\django.mo first seen with mtime 1717586632.4745665
File D:\BE\env\Lib\site-packages\rest_framework\locale\sv\LC_MESSAGES\django.mo first seen with mtime 1717586632.4745665
File D:\BE\env\Lib\site-packages\rest_framework\locale\th\LC_MESSAGES\django.mo first seen with mtime 1717586632.4767606
File D:\BE\env\Lib\site-packages\rest_framework\locale\tr\LC_MESSAGES\django.mo first seen with mtime 1717586632.4767606
File D:\BE\env\Lib\site-packages\rest_framework\locale\tr_TR\LC_MESSAGES\django.mo first seen with mtime 1717586632.4767606
File D:\BE\env\Lib\site-packages\rest_framework\locale\uk\LC_MESSAGES\django.mo first seen with mtime 1717586632.4767606
File D:\BE\env\Lib\site-packages\rest_framework\locale\vi\LC_MESSAGES\django.mo first seen with mtime 1717586632.4767606
File D:\BE\env\Lib\site-packages\rest_framework\locale\zh_CN\LC_MESSAGES\django.mo first seen with mtime 1717586632.4767606
File D:\BE\env\Lib\site-packages\rest_framework\locale\zh_Hans\LC_MESSAGES\django.mo first seen with mtime 1717586632.4805975
File D:\BE\env\Lib\site-packages\rest_framework\locale\zh_Hant\LC_MESSAGES\django.mo first seen with mtime 1717586632.4805975
File D:\BE\env\Lib\site-packages\rest_framework\locale\zh_TW\LC_MESSAGES\django.mo first seen with mtime 1717586632.4805975
File D:\BE\be\settings.py previous mtime: 1718133966.4080236, current mtime: 1718133977.9000735
D:\BE\be\settings.py notified as changed. Signal results: [(<function template_changed at 0x0000020068E471A0>, None), (<function translation_file_changed at 0x000002006A2FAB60>, None)].
D:\BE\be\settings.py changed, reloading.
